{"logTime": "0105/135415", "correlationVector":"74hdD/v5hOBlydAaqzpjfL.7","action":"Commit.Sessions", "result":"Success", "context":{"id":"a01e5591-1b08-4850-bc89-6620b4594120", "isDeleted":"true", "size":"0", "version":"1735998581852"}}
{"logTime": "0105/135415", "correlationVector":"74hdD/v5hOBlydAaqzpjfL.2","action":"Commit Response", "result":"Success", "context":Result: Success. cV=74hdD/v5hOBlydAaqzpjfL.0;server=GENERAL0100000B;cloudType=Consumer;environment=Prod_WestEurope_000l;migrationStage=NotStarted}
{"logTime": "0105/135415", "correlationVector":"74hdD/v5hOBlydAaqzpjfL.8","action":"Commit.Sessions", "result":"Success", "context":{"id":"c3ec623d-2d39-4c4a-9dfb-9b777276457f", "isDeleted":"true", "size":"0", "version":"1736026442930"}}
{"logTime": "0105/135415", "correlationVector":"74hdD/v5hOBlydAaqzpjfL.9","action":"Commit.Sessions", "result":"Success", "context":{"id":"3d964239-6bf9-453d-a1d9-ac4621bfa055", "isDeleted":"true", "size":"0", "version":"1736026442931"}}
{"logTime": "0105/135415", "correlationVector":"74hdD/v5hOBlydAaqzpjfL.10","action":"Commit.Sessions", "result":"Success", "context":{"id":"21aefbdc-e2ff-449c-88a8-ed9c6b1740b9", "isDeleted":"true", "size":"0", "version":"1736003959425"}}
{"logTime": "0105/135415", "correlationVector":"74hdD/v5hOBlydAaqzpjfL.11","action":"Commit.Sessions", "result":"Success", "context":{"id":"bce385bb-9eb2-41bc-bd1f-4dab1bf608a8", "isDeleted":"true", "size":"0", "version":"1736003959426"}}
{"logTime": "0105/135415", "correlationVector":"74hdD/v5hOBlydAaqzpjfL.12","action":"Commit.Sessions", "result":"Success", "context":{"id":"838ef353-f722-4394-a8cd-ba0369517c60", "isDeleted":"true", "size":"0", "version":"1735994981083"}}
{"logTime": "0105/135415", "correlationVector":"74hdD/v5hOBlydAaqzpjfL.13","action":"Commit.Sessions", "result":"Success", "context":{"id":"b9ac95a7-47d7-42c1-8fbc-4563f0e0171d", "isDeleted":"true", "size":"0", "version":"1736003959427"}}
{"logTime": "0105/135415", "correlationVector":"74hdD/v5hOBlydAaqzpjfL.14","action":"Commit.Sessions", "result":"Success", "context":{"id":"4ef75c67-c0e8-42bc-8be1-869802cbda38", "isDeleted":"true", "size":"0", "version":"1736003959428"}}
{"logTime": "0105/135415", "correlationVector":"DKSGgMv+Dsasxmbb4fKhUH","action":"SyncServerConnectionManagerRequest", "result":"SYNC_SERVER_OK", "context":{"environment":"", "migrationStage":"", "server":""}}
{"logTime": "0105/135416", "correlationVector":"V/OahobhKNP9tWKSRkI5D3","action":"Commit Request", "result":"", "context":Item count: 1
Contributing types: Sessions}
{"logTime": "0105/135417", "correlationVector":"V/OahobhKNP9tWKSRkI5D3.1","action":"SyncServerConnectionManagerRequest", "result":"SYNC_SERVER_OK", "context":{"environment":"Prod_WestEurope_000l", "migrationStage":"NotStarted", "server":"GENERAL0100001I"}}
{"logTime": "0105/135417", "correlationVector":"V/OahobhKNP9tWKSRkI5D3.2","action":"Commit Response", "result":"Success", "context":Result: Success. cV=V/OahobhKNP9tWKSRkI5D3.0;server=GENERAL0100001I;cloudType=Consumer;environment=Prod_WestEurope_000l;migrationStage=NotStarted}
{"logTime": "0105/135417", "correlationVector":"ltwWJcn6QFDHulBB+4SvXu","action":"Poll GetUpdate request", "result":"", "context":cV=ltwWJcn6QFDHulBB+4SvXu}
{"logTime": "0105/135417", "correlationVector":"ltwWJcn6QFDHulBB+4SvXu.1","action":"SyncServerConnectionManagerRequest", "result":"SYNC_SERVER_OK", "context":{"environment":"Prod_WestEurope_000l", "migrationStage":"NotStarted", "server":"GENERAL0100001K"}}
{"logTime": "0105/135417", "correlationVector":"ltwWJcn6QFDHulBB+4SvXu.2","action":"GetUpdates", "result":"DeleteReceived", "context":{"id":"b4ccd799-aded-4d39-841a-70eec1ed49d8", "isDeleted:":"true", "version":"1736085252932"}}
{"logTime": "0105/135417", "correlationVector":"ltwWJcn6QFDHulBB+4SvXu.3","action":"GetUpdates", "result":"DeleteReceived", "context":{"id":"d6ee0e3e-fe64-477c-a788-f8f3826be301", "isDeleted:":"true", "version":"1736085252933"}}
{"logTime": "0105/135417", "correlationVector":"ltwWJcn6QFDHulBB+4SvXu.4","action":"GetUpdates", "result":"DeleteReceived", "context":{"id":"2502b71a-78f4-4007-aff0-5c6776b23934", "isDeleted:":"true", "version":"1736085252935"}}
{"logTime": "0105/135417", "correlationVector":"ltwWJcn6QFDHulBB+4SvXu.5","action":"GetUpdates", "result":"DeleteReceived", "context":{"id":"c4c4ead9-2248-4832-bd96-27542cf79ae1", "isDeleted:":"true", "version":"1736085252937"}}
{"logTime": "0105/135417", "correlationVector":"ltwWJcn6QFDHulBB+4SvXu.6","action":"GetUpdates", "result":"DeleteReceived", "context":{"id":"a01e5591-1b08-4850-bc89-6620b4594120", "isDeleted:":"true", "version":"1736085252938"}}
{"logTime": "0105/135417", "correlationVector":"ltwWJcn6QFDHulBB+4SvXu.7","action":"GetUpdates", "result":"DeleteReceived", "context":{"id":"c3ec623d-2d39-4c4a-9dfb-9b777276457f", "isDeleted:":"true", "version":"1736085252939"}}
{"logTime": "0105/135417", "correlationVector":"ltwWJcn6QFDHulBB+4SvXu.8","action":"GetUpdates", "result":"DeleteReceived", "context":{"id":"3d964239-6bf9-453d-a1d9-ac4621bfa055", "isDeleted:":"true", "version":"1736085252940"}}
{"logTime": "0105/135417", "correlationVector":"ltwWJcn6QFDHulBB+4SvXu.9","action":"GetUpdates", "result":"DeleteReceived", "context":{"id":"21aefbdc-e2ff-449c-88a8-ed9c6b1740b9", "isDeleted:":"true", "version":"1736085252941"}}
{"logTime": "0105/135417", "correlationVector":"ltwWJcn6QFDHulBB+4SvXu.10","action":"GetUpdates", "result":"DeleteReceived", "context":{"id":"bce385bb-9eb2-41bc-bd1f-4dab1bf608a8", "isDeleted:":"true", "version":"1736085252942"}}
{"logTime": "0105/135417", "correlationVector":"ltwWJcn6QFDHulBB+4SvXu.11","action":"GetUpdates", "result":"DeleteReceived", "context":{"id":"838ef353-f722-4394-a8cd-ba0369517c60", "isDeleted:":"true", "version":"1736085252943"}}
{"logTime": "0105/135417", "correlationVector":"ltwWJcn6QFDHulBB+4SvXu.12","action":"GetUpdates", "result":"DeleteReceived", "context":{"id":"b9ac95a7-47d7-42c1-8fbc-4563f0e0171d", "isDeleted:":"true", "version":"1736085252944"}}
{"logTime": "0105/135417", "correlationVector":"ltwWJcn6QFDHulBB+4SvXu.13","action":"GetUpdates", "result":"DeleteReceived", "context":{"id":"4ef75c67-c0e8-42bc-8be1-869802cbda38", "isDeleted:":"true", "version":"1736085252945"}}
{"logTime": "0105/135417", "correlationVector":"ltwWJcn6QFDHulBB+4SvXu.14","action":"GetUpdates Response", "result":"Success", "context":Received 15 update(s). cV=ltwWJcn6QFDHulBB+4SvXu.0;server=GENERAL0100001K;cloudType=Consumer;environment=Prod_WestEurope_000l;migrationStage=NotStarted}
{"logTime": "0105/135419", "correlationVector":"p2p9isHTFfVeEbUveJ1jtv","action":"Commit Request", "result":"", "context":Item count: 3
Contributing types: Preferences, Sessions}
{"logTime": "0105/135420", "correlationVector":"p2p9isHTFfVeEbUveJ1jtv.1","action":"SyncServerConnectionManagerRequest", "result":"SYNC_SERVER_OK", "context":{"environment":"Prod_WestEurope_000l", "migrationStage":"NotStarted", "server":"GENERAL0100001H"}}
{"logTime": "0105/135420", "correlationVector":"p2p9isHTFfVeEbUveJ1jtv.2","action":"Commit Response", "result":"Success", "context":Result: Success. cV=p2p9isHTFfVeEbUveJ1jtv.0;server=GENERAL0100001H;cloudType=Consumer;environment=Prod_WestEurope_000l;migrationStage=NotStarted}
{"logTime": "0105/135424", "correlationVector":"dyOmc0NCmTlo8gCah0xlXF","action":"Commit Request", "result":"", "context":Item count: 3
Contributing types: Sessions, Edge Hub App Usage}
{"logTime": "0105/135425", "correlationVector":"dyOmc0NCmTlo8gCah0xlXF.1","action":"SyncServerConnectionManagerRequest", "result":"SYNC_SERVER_OK", "context":{"environment":"Prod_WestEurope_000l", "migrationStage":"NotStarted", "server":"GENERAL01000003"}}
{"logTime": "0105/135425", "correlationVector":"dyOmc0NCmTlo8gCah0xlXF.2","action":"Commit Response", "result":"Success", "context":Result: Success. cV=dyOmc0NCmTlo8gCah0xlXF.0;server=GENERAL01000003;cloudType=Consumer;environment=Prod_WestEurope_000l;migrationStage=NotStarted}
{"logTime": "0105/135911", "correlationVector":"0qezADEWPJe1Bti2mbVvcm","action":"Normal GetUpdate request", "result":"", "context":cV=0qezADEWPJe1Bti2mbVvcm
Nudged types: Sessions
Refresh requested types: Bookmarks, Preferences, Passwords, Autofill Profiles, Autofill, Typed URLs, Extensions, Sessions, Extension settings, History Delete Directives, Device Info, User Consents, Send Tab To Self, Web Apps, Collection, Edge E Drop, Edge Hub App Usage, Edge Tab Group, Edge Wallet, Encryption Keys}
{"logTime": "0105/135912", "correlationVector":"0qezADEWPJe1Bti2mbVvcm.1","action":"SyncServerConnectionManagerRequest", "result":"SYNC_SERVER_OK", "context":{"environment":"Prod_WestEurope_000l", "migrationStage":"NotStarted", "server":"GENERAL0100000J"}}
{"logTime": "0105/135912", "correlationVector":"0qezADEWPJe1Bti2mbVvcm.2","action":"GetUpdates Response", "result":"Success", "context":Received 4 update(s). cV=0qezADEWPJe1Bti2mbVvcm.0;server=GENERAL0100000J;cloudType=Consumer;environment=Prod_WestEurope_000l;migrationStage=NotStarted}
{"logTime": "0105/135912", "correlationVector":"9mVQM5RfeW17QRI8eTGgGP","action":"Commit Request", "result":"", "context":Item count: 3
Contributing types: Sessions}
{"logTime": "0105/135912", "correlationVector":"9mVQM5RfeW17QRI8eTGgGP.1","action":"SyncServerConnectionManagerRequest", "result":"SYNC_SERVER_OK", "context":{"environment":"Prod_WestEurope_000l", "migrationStage":"NotStarted", "server":"GENERAL0100001N"}}
{"logTime": "0105/135912", "correlationVector":"9mVQM5RfeW17QRI8eTGgGP.2","action":"Commit Response", "result":"Success", "context":Result: Success. cV=9mVQM5RfeW17QRI8eTGgGP.0;server=GENERAL0100001N;cloudType=Consumer;environment=Prod_WestEurope_000l;migrationStage=NotStarted}
{"logTime": "0105/145912", "correlationVector":"tScfaCL0CFDE4HqzxMVM0S","action":"Commit Request", "result":"", "context":Item count: 1
Contributing types: Sessions}
{"logTime": "0105/145912", "correlationVector":"tScfaCL0CFDE4HqzxMVM0S.1","action":"SyncServerConnectionManagerRequest", "result":"SYNC_SERVER_OK", "context":{"environment":"Prod_WestEurope_000l", "migrationStage":"NotStarted", "server":"GENERAL01000012"}}
{"logTime": "0105/145912", "correlationVector":"tScfaCL0CFDE4HqzxMVM0S.2","action":"Commit Response", "result":"Success", "context":Result: Success. cV=tScfaCL0CFDE4HqzxMVM0S.0;server=GENERAL01000012;cloudType=Consumer;environment=Prod_WestEurope_000l;migrationStage=NotStarted}
{"logTime": "0105/163150", "correlationVector":"QFkrLPqssx7zAxm3z4NymH","action":"Commit Request", "result":"", "context":Item count: 2
Contributing types: Sessions}
{"logTime": "0105/163150", "correlationVector":"QFkrLPqssx7zAxm3z4NymH.1","action":"SyncServerConnectionManagerRequest", "result":"SYNC_SERVER_OK", "context":{"environment":"Prod_WestEurope_000l", "migrationStage":"NotStarted", "server":"GENERAL01000002"}}
{"logTime": "0105/163150", "correlationVector":"QFkrLPqssx7zAxm3z4NymH.2","action":"Commit Response", "result":"Success", "context":Result: Success. cV=QFkrLPqssx7zAxm3z4NymH.0;server=GENERAL01000002;cloudType=Consumer;environment=Prod_WestEurope_000l;migrationStage=NotStarted}
{"logTime": "0105/205624", "correlationVector":"EL08tPULYaBwg4KC9+u3K9","action":"Commit Request", "result":"", "context":Item count: 6
Contributing types: Sessions}
{"logTime": "0105/205625", "correlationVector":"EL08tPULYaBwg4KC9+u3K9.1","action":"SyncServerConnectionManagerRequest", "result":"SYNC_SERVER_OK", "context":{"environment":"Prod_WestEurope_000l", "migrationStage":"NotStarted", "server":"GENERAL01000008"}}
{"logTime": "0105/205625", "correlationVector":"EL08tPULYaBwg4KC9+u3K9.2","action":"Commit Response", "result":"Success", "context":Result: Success. cV=EL08tPULYaBwg4KC9+u3K9.0;server=GENERAL01000008;cloudType=Consumer;environment=Prod_WestEurope_000l;migrationStage=NotStarted}
{"logTime": "0105/212204", "correlationVector":"b/vHkvk3JRG/7X3VaYXyJN","action":"Commit Request", "result":"", "context":Item count: 2
Contributing types: Sessions, Device Info}
{"logTime": "0105/212205", "correlationVector":"b/vHkvk3JRG/7X3VaYXyJN.1","action":"SyncServerConnectionManagerRequest", "result":"SYNC_SERVER_OK", "context":{"environment":"Prod_WestEurope_000l", "migrationStage":"NotStarted", "server":"GENERAL0100000I"}}
{"logTime": "0105/212205", "correlationVector":"b/vHkvk3JRG/7X3VaYXyJN.2","action":"Commit Response", "result":"Success", "context":Result: Success. cV=b/vHkvk3JRG/7X3VaYXyJN.0;server=GENERAL0100000I;cloudType=Consumer;environment=Prod_WestEurope_000l;migrationStage=NotStarted}
{"logTime": "0105/215417", "correlationVector":"olz334ChfKetieLP7VmGct","action":"Poll GetUpdate request", "result":"", "context":cV=olz334ChfKetieLP7VmGct}
{"logTime": "0105/215418", "correlationVector":"olz334ChfKetieLP7VmGct.1","action":"SyncServerConnectionManagerRequest", "result":"SYNC_SERVER_OK", "context":{"environment":"Prod_WestEurope_000l", "migrationStage":"NotStarted", "server":"GENERAL01000014"}}
{"logTime": "0105/215418", "correlationVector":"olz334ChfKetieLP7VmGct.2","action":"GetUpdates Response", "result":"Success", "context":Received 7 update(s). cV=olz334ChfKetieLP7VmGct.0;server=GENERAL01000014;cloudType=Consumer;environment=Prod_WestEurope_000l;migrationStage=NotStarted}
{"logTime": "0105/231243", "correlationVector":"mHNcORWupJaLRiLo7E/QI5","action":"Commit Request", "result":"", "context":Item count: 5
Contributing types: Sessions}
{"logTime": "0105/231243", "correlationVector":"mHNcORWupJaLRiLo7E/QI5.1","action":"SyncServerConnectionManagerRequest", "result":"SYNC_AUTH_ERROR", "context":{"environment":"Prod_WestEurope_000l", "migrationStage":"NotStarted", "server":"GENERAL0100000C"}}
{"logTime": "0105/231243", "correlationVector":"mHNcORWupJaLRiLo7E/QI5.2","action":"Commit Response", "result":"HTTP error (401)", "context":Result: HTTP error (401). cV=mHNcORWupJaLRiLo7E/QI5.0;server=GENERAL0100000C;cloudType=Undetermined;environment=Prod_WestEurope_000l;migrationStage=NotStarted}
{"logTime": "0105/231244", "correlationVector":"3/6szZLQmEwGPZ9LvVa7EQ","action":"Commit Request", "result":"", "context":Item count: 5
Contributing types: Sessions}
{"logTime": "0105/231245", "correlationVector":"3/6szZLQmEwGPZ9LvVa7EQ.1","action":"SyncServerConnectionManagerRequest", "result":"SYNC_SERVER_OK", "context":{"environment":"Prod_WestEurope_000l", "migrationStage":"NotStarted", "server":"GENERAL0100001D"}}
{"logTime": "0105/231245", "correlationVector":"3/6szZLQmEwGPZ9LvVa7EQ.2","action":"Commit Response", "result":"Success", "context":Result: Success. cV=3/6szZLQmEwGPZ9LvVa7EQ.0;server=GENERAL0100001D;cloudType=Consumer;environment=Prod_WestEurope_000l;migrationStage=NotStarted}
{"logTime": "0106/124227", "correlationVector":"kx/Ewkkw0ldWAjkpj0NzuM","action":"Normal GetUpdate request", "result":"", "context":cV=kx/Ewkkw0ldWAjkpj0NzuM
Nudged types: Sessions
Refresh requested types: Bookmarks, Preferences, Passwords, Autofill Profiles, Autofill, Typed URLs, Extensions, Sessions, Extension settings, History Delete Directives, Device Info, User Consents, Send Tab To Self, Web Apps, Collection, Edge E Drop, Edge Hub App Usage, Edge Tab Group, Edge Wallet, Encryption Keys}
{"logTime": "0106/124228", "correlationVector":"kx/Ewkkw0ldWAjkpj0NzuM.1","action":"SyncServerConnectionManagerRequest", "result":"SYNC_SERVER_OK", "context":{"environment":"Prod_WestEurope_x00e", "migrationStage":"NotStarted", "server":"GENERAL02000003"}}
{"logTime": "0106/124228", "correlationVector":"kx/Ewkkw0ldWAjkpj0NzuM.2","action":"GetUpdates Response", "result":"Success", "context":Received 5 update(s). cV=kx/Ewkkw0ldWAjkpj0NzuM.0;server=GENERAL02000003;cloudType=Consumer;environment=Prod_WestEurope_x00e;migrationStage=NotStarted}
{"logTime": "0106/124228", "correlationVector":"Z6kbQhiTqv0zLFlBK5+Mag","action":"Commit Request", "result":"", "context":Item count: 10
Contributing types: Sessions}
{"logTime": "0106/124229", "correlationVector":"Z6kbQhiTqv0zLFlBK5+Mag.1","action":"SyncServerConnectionManagerRequest", "result":"SYNC_SERVER_OK", "context":{"environment":"Prod_WestEurope_000l", "migrationStage":"NotStarted", "server":"GENERAL01000014"}}
{"logTime": "0106/124229", "correlationVector":"Z6kbQhiTqv0zLFlBK5+Mag.3","action":"Commit.Sessions", "result":"Success", "context":{"id":"d6d8b919-f65a-4f58-97db-efa202c2db7a", "isDeleted":"true", "size":"0", "version":"1736085263079"}}
{"logTime": "0106/124229", "correlationVector":"Z6kbQhiTqv0zLFlBK5+Mag.4","action":"Commit.Sessions", "result":"Success", "context":{"id":"ea20491e-2a73-48ca-bf1c-7a5d3ccc9bec", "isDeleted":"true", "size":"0", "version":"1736118765414"}}
{"logTime": "0106/124229", "correlationVector":"Z6kbQhiTqv0zLFlBK5+Mag.2","action":"Commit Response", "result":"Success", "context":Result: Success. cV=Z6kbQhiTqv0zLFlBK5+Mag.0;server=GENERAL01000014;cloudType=Consumer;environment=Prod_WestEurope_000l;migrationStage=NotStarted}
{"logTime": "0106/124229", "correlationVector":"Z6kbQhiTqv0zLFlBK5+Mag.5","action":"Commit.Sessions", "result":"Success", "context":{"id":"497cd7c5-2c7f-4605-af0f-393d012740f1", "isDeleted":"true", "size":"0", "version":"1736085263080"}}
{"logTime": "0106/124229", "correlationVector":"Z6kbQhiTqv0zLFlBK5+Mag.6","action":"Commit.Sessions", "result":"Success", "context":{"id":"58425453-8a00-40f1-8749-bf194da61d5f", "isDeleted":"true", "size":"0", "version":"1736118765416"}}
{"logTime": "0106/124229", "correlationVector":"Z6kbQhiTqv0zLFlBK5+Mag.7","action":"Commit.Sessions", "result":"Success", "context":{"id":"2a53b0fa-aa94-4481-a09f-e5584ea2a55a", "isDeleted":"true", "size":"0", "version":"1736118765417"}}
{"logTime": "0106/124229", "correlationVector":"Z6kbQhiTqv0zLFlBK5+Mag.8","action":"Commit.Sessions", "result":"Success", "context":{"id":"a4c94cfe-463e-461e-a286-4c32f20fdbd4", "isDeleted":"true", "size":"0", "version":"1736110585271"}}
{"logTime": "0106/124229", "correlationVector":"Z6kbQhiTqv0zLFlBK5+Mag.9","action":"Commit.Sessions", "result":"Success", "context":{"id":"cb5becdf-65cf-4972-8dd9-d180a9ab1139", "isDeleted":"true", "size":"0", "version":"1736110585272"}}
{"logTime": "0106/124229", "correlationVector":"2D0rJmqi0ra5+COQ0Mmyhn","action":"Poll GetUpdate request", "result":"", "context":cV=2D0rJmqi0ra5+COQ0Mmyhn}
{"logTime": "0106/124229", "correlationVector":"2D0rJmqi0ra5+COQ0Mmyhn.1","action":"SyncServerConnectionManagerRequest", "result":"SYNC_SERVER_OK", "context":{"environment":"Prod_WestEurope_x00e", "migrationStage":"NotStarted", "server":"GENERAL0100000Z"}}
{"logTime": "0106/124229", "correlationVector":"2D0rJmqi0ra5+COQ0Mmyhn.2","action":"GetUpdates", "result":"DeleteReceived", "context":{"id":"d6d8b919-f65a-4f58-97db-efa202c2db7a", "isDeleted:":"true", "version":"1736167348067"}}
{"logTime": "0106/124229", "correlationVector":"2D0rJmqi0ra5+COQ0Mmyhn.3","action":"GetUpdates", "result":"DeleteReceived", "context":{"id":"ea20491e-2a73-48ca-bf1c-7a5d3ccc9bec", "isDeleted:":"true", "version":"1736167348068"}}
{"logTime": "0106/124229", "correlationVector":"2D0rJmqi0ra5+COQ0Mmyhn.4","action":"GetUpdates", "result":"DeleteReceived", "context":{"id":"497cd7c5-2c7f-4605-af0f-393d012740f1", "isDeleted:":"true", "version":"1736167348070"}}
{"logTime": "0106/124229", "correlationVector":"2D0rJmqi0ra5+COQ0Mmyhn.5","action":"GetUpdates", "result":"DeleteReceived", "context":{"id":"58425453-8a00-40f1-8749-bf194da61d5f", "isDeleted:":"true", "version":"1736167348071"}}
{"logTime": "0106/124229", "correlationVector":"2D0rJmqi0ra5+COQ0Mmyhn.6","action":"GetUpdates", "result":"DeleteReceived", "context":{"id":"2a53b0fa-aa94-4481-a09f-e5584ea2a55a", "isDeleted:":"true", "version":"1736167348072"}}
{"logTime": "0106/124229", "correlationVector":"2D0rJmqi0ra5+COQ0Mmyhn.7","action":"GetUpdates", "result":"DeleteReceived", "context":{"id":"a4c94cfe-463e-461e-a286-4c32f20fdbd4", "isDeleted:":"true", "version":"1736167348074"}}
{"logTime": "0106/124229", "correlationVector":"2D0rJmqi0ra5+COQ0Mmyhn.8","action":"GetUpdates", "result":"DeleteReceived", "context":{"id":"cb5becdf-65cf-4972-8dd9-d180a9ab1139", "isDeleted:":"true", "version":"1736167348075"}}
{"logTime": "0106/124229", "correlationVector":"2D0rJmqi0ra5+COQ0Mmyhn.9","action":"GetUpdates Response", "result":"Success", "context":Received 10 update(s). cV=2D0rJmqi0ra5+COQ0Mmyhn.0;server=GENERAL0100000Z;cloudType=Consumer;environment=Prod_WestEurope_x00e;migrationStage=NotStarted}
{"logTime": "0106/124727", "correlationVector":"ldFCM7BA3H9PDMVxI6gcWS","action":"Normal GetUpdate request", "result":"", "context":cV=ldFCM7BA3H9PDMVxI6gcWS
Nudged types: Sessions
Refresh requested types: Bookmarks, Preferences, Passwords, Autofill Profiles, Autofill, Typed URLs, Extensions, Sessions, Extension settings, History Delete Directives, Device Info, User Consents, Send Tab To Self, Web Apps, Collection, Edge E Drop, Edge Hub App Usage, Edge Tab Group, Edge Wallet, Encryption Keys}
{"logTime": "0106/124727", "correlationVector":"ldFCM7BA3H9PDMVxI6gcWS.1","action":"SyncServerConnectionManagerRequest", "result":"SYNC_SERVER_OK", "context":{"environment":"Prod_WestEurope_x00e", "migrationStage":"NotStarted", "server":"GENERAL0100001W"}}
{"logTime": "0106/124727", "correlationVector":"ldFCM7BA3H9PDMVxI6gcWS.2","action":"GetUpdates Response", "result":"Success", "context":Received 0 update(s). cV=ldFCM7BA3H9PDMVxI6gcWS.0;server=GENERAL0100001W;cloudType=Consumer;environment=Prod_WestEurope_x00e;migrationStage=NotStarted}
{"logTime": "0106/124727", "correlationVector":"N/tcCNvuwzBYkucAF73hgW","action":"Commit Request", "result":"", "context":Item count: 5
Contributing types: Sessions}
{"logTime": "0106/124728", "correlationVector":"N/tcCNvuwzBYkucAF73hgW.1","action":"SyncServerConnectionManagerRequest", "result":"SYNC_SERVER_OK", "context":{"environment":"Prod_WestEurope_x00e", "migrationStage":"NotStarted", "server":"GENERAL0200000W"}}
{"logTime": "0106/124728", "correlationVector":"N/tcCNvuwzBYkucAF73hgW.2","action":"Commit Response", "result":"Success", "context":Result: Success. cV=N/tcCNvuwzBYkucAF73hgW.0;server=GENERAL0200000W;cloudType=Consumer;environment=Prod_WestEurope_x00e;migrationStage=NotStarted}
{"logTime": "0106/131122", "correlationVector":"4HLPe3boMJWhcBOfbXQOh1","action":"Commit Request", "result":"", "context":Item count: 2
Contributing types: Typed URLs, Sessions}
{"logTime": "0106/131128", "correlationVector":"4HLPe3boMJWhcBOfbXQOh1","action":"SyncServerConnectionManagerRequest", "result":"CONNECTION_UNAVAILABLE", "context":{"error_type":"net_error_code", "error_value":"-105"}}
{"logTime": "0106/131128", "correlationVector":"Q5BF1nml8Y1+NenBawJSAa.0","action":"Commit Response", "result":"Network error (ERR_NAME_NOT_RESOLVED)", "context":Result: Network error (ERR_NAME_NOT_RESOLVED). }
{"logTime": "0106/131213", "correlationVector":"gOZ3tsG0mNbtqKZXaUZrqO","action":"Commit Request", "result":"", "context":Item count: 3
Contributing types: Passwords, Typed URLs, Sessions}
{"logTime": "0106/131214", "correlationVector":"gOZ3tsG0mNbtqKZXaUZrqO.1","action":"SyncServerConnectionManagerRequest", "result":"SYNC_SERVER_OK", "context":{"environment":"Prod_WestEurope_x00e", "migrationStage":"NotStarted", "server":"GENERAL02000018"}}
{"logTime": "0106/131214", "correlationVector":"gOZ3tsG0mNbtqKZXaUZrqO.2","action":"Commit Response", "result":"Success", "context":Result: Success. cV=gOZ3tsG0mNbtqKZXaUZrqO.0;server=GENERAL02000018;cloudType=Consumer;environment=Prod_WestEurope_x00e;migrationStage=NotStarted}
{"logTime": "0106/131259", "correlationVector":"V2WJ541o12X/SbsGRBYm2K","action":"Commit Request", "result":"", "context":Item count: 1
Contributing types: Sessions}
{"logTime": "0106/131259", "correlationVector":"V2WJ541o12X/SbsGRBYm2K.1","action":"SyncServerConnectionManagerRequest", "result":"SYNC_SERVER_OK", "context":{"environment":"Prod_WestEurope_000l", "migrationStage":"NotStarted", "server":"GENERAL0100001A"}}
{"logTime": "0106/131259", "correlationVector":"V2WJ541o12X/SbsGRBYm2K.2","action":"Commit Response", "result":"Success", "context":Result: Success. cV=V2WJ541o12X/SbsGRBYm2K.0;server=GENERAL0100001A;cloudType=Consumer;environment=Prod_WestEurope_000l;migrationStage=NotStarted}
{"logTime": "0106/142229", "correlationVector":"G1rxd+OKYIAjgwKeONpo7z","action":"Commit Request", "result":"", "context":Item count: 6
Contributing types: Sessions}
{"logTime": "0106/142230", "correlationVector":"G1rxd+OKYIAjgwKeONpo7z.1","action":"SyncServerConnectionManagerRequest", "result":"SYNC_SERVER_OK", "context":{"environment":"Prod_WestEurope_000l", "migrationStage":"NotStarted", "server":"GENERAL0100001L"}}
{"logTime": "0106/142230", "correlationVector":"G1rxd+OKYIAjgwKeONpo7z.2","action":"Commit Response", "result":"Success", "context":Result: Success. cV=G1rxd+OKYIAjgwKeONpo7z.0;server=GENERAL0100001L;cloudType=Consumer;environment=Prod_WestEurope_000l;migrationStage=NotStarted}
{"logTime": "0106/195431", "correlationVector":"TNTejYjZxPOgBzGcBBd6Em","action":"Normal GetUpdate request", "result":"", "context":cV=TNTejYjZxPOgBzGcBBd6Em
Nudged types: Sessions
Refresh requested types: Bookmarks, Preferences, Passwords, Autofill Profiles, Autofill, Typed URLs, Extensions, Sessions, Extension settings, History Delete Directives, Device Info, User Consents, Send Tab To Self, Web Apps, Collection, Edge E Drop, Edge Hub App Usage, Edge Tab Group, Edge Wallet, Encryption Keys}
{"logTime": "0106/195432", "correlationVector":"TNTejYjZxPOgBzGcBBd6Em.1","action":"SyncServerConnectionManagerRequest", "result":"SYNC_SERVER_OK", "context":{"environment":"Prod_WestEurope_000l", "migrationStage":"NotStarted", "server":"GENERAL0100001N"}}
{"logTime": "0106/195432", "correlationVector":"TNTejYjZxPOgBzGcBBd6Em.2","action":"GetUpdates Response", "result":"Success", "context":Received 10 update(s). cV=TNTejYjZxPOgBzGcBBd6Em.0;server=GENERAL0100001N;cloudType=Consumer;environment=Prod_WestEurope_000l;migrationStage=NotStarted}
{"logTime": "0106/195432", "correlationVector":"3Su8TrfmuNGuZeT0zlyDru","action":"Commit Request", "result":"", "context":Item count: 9
Contributing types: Sessions}
{"logTime": "0106/195433", "correlationVector":"3Su8TrfmuNGuZeT0zlyDru.1","action":"SyncServerConnectionManagerRequest", "result":"SYNC_SERVER_OK", "context":{"environment":"Prod_WestEurope_000l", "migrationStage":"NotStarted", "server":"GENERAL0100000Q"}}
{"logTime": "0106/195433", "correlationVector":"3Su8TrfmuNGuZeT0zlyDru.3","action":"Commit.Sessions", "result":"Success", "context":{"id":"e8f6e823-a704-4ff3-94c2-7a23a20c3002", "isDeleted":"true", "size":"0", "version":"1736173349619"}}
{"logTime": "0106/195433", "correlationVector":"3Su8TrfmuNGuZeT0zlyDru.4","action":"Commit.Sessions", "result":"Success", "context":{"id":"c56b6043-7ae6-4809-b5e6-e631b996aafc", "isDeleted":"true", "size":"0", "version":"1736173349621"}}
{"logTime": "0106/195433", "correlationVector":"3Su8TrfmuNGuZeT0zlyDru.5","action":"Commit.Sessions", "result":"Success", "context":{"id":"c59342a8-4cdd-4706-b843-ff1f024bbb65", "isDeleted":"true", "size":"0", "version":"1736173349622"}}
{"logTime": "0106/195433", "correlationVector":"3Su8TrfmuNGuZeT0zlyDru.6","action":"Commit.Sessions", "result":"Success", "context":{"id":"e0dc82c9-922d-4676-9a0e-460d67abb38c", "isDeleted":"true", "size":"0", "version":"1736173349623"}}
{"logTime": "0106/195433", "correlationVector":"3Su8TrfmuNGuZeT0zlyDru.7","action":"Commit.Sessions", "result":"Success", "context":{"id":"14f5c9f4-2d44-4209-9cb4-284b674666c0", "isDeleted":"true", "size":"0", "version":"1736173349624"}}
{"logTime": "0106/195433", "correlationVector":"3Su8TrfmuNGuZeT0zlyDru.2","action":"Commit Response", "result":"Success", "context":Result: Success. cV=3Su8TrfmuNGuZeT0zlyDru.0;server=GENERAL0100000Q;cloudType=Consumer;environment=Prod_WestEurope_000l;migrationStage=NotStarted}
{"logTime": "0106/195433", "correlationVector":"3Su8TrfmuNGuZeT0zlyDru.8","action":"Commit.Sessions", "result":"Success", "context":{"id":"fa87ce27-223d-44f0-b953-4d74b7376e83", "isDeleted":"true", "size":"0", "version":"1736167647382"}}
{"logTime": "0106/195433", "correlationVector":"soLV8buJI35L5ugx/cNfUc","action":"SyncServerConnectionManagerRequest", "result":"SYNC_SERVER_OK", "context":{"environment":"", "migrationStage":"", "server":""}}
{"logTime": "0106/195445", "correlationVector":"zOUCfgpL7u8LMZUZV3JSyW","action":"Commit Request", "result":"", "context":Item count: 6
Contributing types: Preferences, Sessions}
{"logTime": "0106/195446", "correlationVector":"zOUCfgpL7u8LMZUZV3JSyW.1","action":"SyncServerConnectionManagerRequest", "result":"SYNC_SERVER_OK", "context":{"environment":"Prod_WestEurope_000l", "migrationStage":"NotStarted", "server":"GENERAL01000002"}}
{"logTime": "0106/195446", "correlationVector":"zOUCfgpL7u8LMZUZV3JSyW.2","action":"Commit Response", "result":"Success", "context":Result: Success. cV=zOUCfgpL7u8LMZUZV3JSyW.0;server=GENERAL01000002;cloudType=Consumer;environment=Prod_WestEurope_000l;migrationStage=NotStarted}
{"logTime": "0106/195926", "correlationVector":"Pn8DDdQI6haRXQPa5amJlG","action":"Normal GetUpdate request", "result":"", "context":cV=Pn8DDdQI6haRXQPa5amJlG
Nudged types: Sessions
Refresh requested types: Bookmarks, Preferences, Passwords, Autofill Profiles, Autofill, Typed URLs, Extensions, Sessions, Extension settings, History Delete Directives, Device Info, User Consents, Send Tab To Self, Web Apps, Collection, Edge E Drop, Edge Hub App Usage, Edge Tab Group, Edge Wallet, Encryption Keys}
{"logTime": "0106/195927", "correlationVector":"Pn8DDdQI6haRXQPa5amJlG.1","action":"SyncServerConnectionManagerRequest", "result":"SYNC_SERVER_OK", "context":{"environment":"Prod_WestEurope_000l", "migrationStage":"NotStarted", "server":"GENERAL0100000W"}}
{"logTime": "0106/195927", "correlationVector":"Pn8DDdQI6haRXQPa5amJlG.2","action":"GetUpdates", "result":"DeleteReceived", "context":{"id":"e8f6e823-a704-4ff3-94c2-7a23a20c3002", "isDeleted:":"true", "version":"1736193272186"}}
{"logTime": "0106/195927", "correlationVector":"Pn8DDdQI6haRXQPa5amJlG.3","action":"GetUpdates", "result":"DeleteReceived", "context":{"id":"c56b6043-7ae6-4809-b5e6-e631b996aafc", "isDeleted:":"true", "version":"1736193272188"}}
{"logTime": "0106/195927", "correlationVector":"Pn8DDdQI6haRXQPa5amJlG.4","action":"GetUpdates", "result":"DeleteReceived", "context":{"id":"c59342a8-4cdd-4706-b843-ff1f024bbb65", "isDeleted:":"true", "version":"1736193272189"}}
{"logTime": "0106/195927", "correlationVector":"Pn8DDdQI6haRXQPa5amJlG.5","action":"GetUpdates", "result":"DeleteReceived", "context":{"id":"e0dc82c9-922d-4676-9a0e-460d67abb38c", "isDeleted:":"true", "version":"1736193272191"}}
{"logTime": "0106/195927", "correlationVector":"Pn8DDdQI6haRXQPa5amJlG.6","action":"GetUpdates", "result":"DeleteReceived", "context":{"id":"14f5c9f4-2d44-4209-9cb4-284b674666c0", "isDeleted:":"true", "version":"1736193272192"}}
{"logTime": "0106/195927", "correlationVector":"Pn8DDdQI6haRXQPa5amJlG.7","action":"GetUpdates", "result":"DeleteReceived", "context":{"id":"fa87ce27-223d-44f0-b953-4d74b7376e83", "isDeleted:":"true", "version":"1736193272193"}}
{"logTime": "0106/195927", "correlationVector":"Pn8DDdQI6haRXQPa5amJlG.8","action":"GetUpdates Response", "result":"Success", "context":Received 12 update(s). cV=Pn8DDdQI6haRXQPa5amJlG.0;server=GENERAL0100000W;cloudType=Consumer;environment=Prod_WestEurope_000l;migrationStage=NotStarted}
{"logTime": "0106/195927", "correlationVector":"oFBHU9IEybseHDbzahDrH4","action":"Commit Request", "result":"", "context":Item count: 1
Contributing types: Sessions}
{"logTime": "0106/195928", "correlationVector":"oFBHU9IEybseHDbzahDrH4.1","action":"SyncServerConnectionManagerRequest", "result":"SYNC_SERVER_OK", "context":{"environment":"Prod_WestEurope_000l", "migrationStage":"NotStarted", "server":"GENERAL0100000V"}}
{"logTime": "0106/195928", "correlationVector":"oFBHU9IEybseHDbzahDrH4.2","action":"Commit Response", "result":"Success", "context":Result: Success. cV=oFBHU9IEybseHDbzahDrH4.0;server=GENERAL0100000V;cloudType=Consumer;environment=Prod_WestEurope_000l;migrationStage=NotStarted}
{"logTime": "0106/204229", "correlationVector":"T/mBA2SvnVrBwKfm33cNFe","action":"Commit Request", "result":"", "context":Item count: 1
Contributing types: Sessions}
{"logTime": "0106/204230", "correlationVector":"T/mBA2SvnVrBwKfm33cNFe.1","action":"SyncServerConnectionManagerRequest", "result":"SYNC_SERVER_OK", "context":{"environment":"Prod_WestEurope_000l", "migrationStage":"NotStarted", "server":"GENERAL01000006"}}
{"logTime": "0106/204230", "correlationVector":"T/mBA2SvnVrBwKfm33cNFe.2","action":"Commit Response", "result":"Success", "context":Result: Success. cV=T/mBA2SvnVrBwKfm33cNFe.0;server=GENERAL01000006;cloudType=Consumer;environment=Prod_WestEurope_000l;migrationStage=NotStarted}
{"logTime": "0106/204230", "correlationVector":"eHXBjy7e+Nd/Y49WzD6ZFw","action":"Poll GetUpdate request", "result":"", "context":cV=eHXBjy7e+Nd/Y49WzD6ZFw}
{"logTime": "0106/204230", "correlationVector":"eHXBjy7e+Nd/Y49WzD6ZFw.1","action":"SyncServerConnectionManagerRequest", "result":"SYNC_SERVER_OK", "context":{"environment":"Prod_WestEurope_000l", "migrationStage":"NotStarted", "server":"GENERAL0100000X"}}
{"logTime": "0106/204230", "correlationVector":"eHXBjy7e+Nd/Y49WzD6ZFw.2","action":"GetUpdates Response", "result":"Success", "context":Received 1 update(s). cV=eHXBjy7e+Nd/Y49WzD6ZFw.0;server=GENERAL0100000X;cloudType=Consumer;environment=Prod_WestEurope_000l;migrationStage=NotStarted}
{"logTime": "0106/205928", "correlationVector":"54GQMWhBgiBa6FGx4kT5Qc","action":"Commit Request", "result":"", "context":Item count: 1
Contributing types: Sessions}
{"logTime": "0106/205928", "correlationVector":"54GQMWhBgiBa6FGx4kT5Qc.1","action":"SyncServerConnectionManagerRequest", "result":"SYNC_AUTH_ERROR", "context":{"environment":"Prod_WestEurope_000l", "migrationStage":"NotStarted", "server":"GENERAL0100000X"}}
{"logTime": "0106/205928", "correlationVector":"54GQMWhBgiBa6FGx4kT5Qc.2","action":"Commit Response", "result":"HTTP error (401)", "context":Result: HTTP error (401). cV=54GQMWhBgiBa6FGx4kT5Qc.0;server=GENERAL0100000X;cloudType=Undetermined;environment=Prod_WestEurope_000l;migrationStage=NotStarted}
{"logTime": "0106/205929", "correlationVector":"QAFj4Mb0RNQ4sFMvr34K8d","action":"Commit Request", "result":"", "context":Item count: 1
Contributing types: Sessions}
{"logTime": "0106/205929", "correlationVector":"QAFj4Mb0RNQ4sFMvr34K8d.1","action":"SyncServerConnectionManagerRequest", "result":"SYNC_SERVER_OK", "context":{"environment":"Prod_WestEurope_000l", "migrationStage":"NotStarted", "server":"GENERAL01000010"}}
{"logTime": "0106/205929", "correlationVector":"QAFj4Mb0RNQ4sFMvr34K8d.2","action":"Commit Response", "result":"Success", "context":Result: Success. cV=QAFj4Mb0RNQ4sFMvr34K8d.0;server=GENERAL01000010;cloudType=Consumer;environment=Prod_WestEurope_000l;migrationStage=NotStarted}
{"logTime": "0106/212204", "correlationVector":"8ODD7UXen0BeKXu77ddmKf","action":"Commit Request", "result":"", "context":Item count: 1
Contributing types: Device Info}
{"logTime": "0106/212205", "correlationVector":"8ODD7UXen0BeKXu77ddmKf.1","action":"SyncServerConnectionManagerRequest", "result":"SYNC_SERVER_OK", "context":{"environment":"Prod_WestEurope_000l", "migrationStage":"NotStarted", "server":"GENERAL0100000C"}}
{"logTime": "0106/212205", "correlationVector":"8ODD7UXen0BeKXu77ddmKf.2","action":"Commit Response", "result":"Success", "context":Result: Success. cV=8ODD7UXen0BeKXu77ddmKf.0;server=GENERAL0100000C;cloudType=Consumer;environment=Prod_WestEurope_000l;migrationStage=NotStarted}
{"logTime": "0107/195622", "correlationVector":"7HbG02aOAVw7xaUDmZAUBK","action":"Normal GetUpdate request", "result":"", "context":cV=7HbG02aOAVw7xaUDmZAUBK
Nudged types: Extensions, Sessions
Refresh requested types: Bookmarks, Preferences, Passwords, Autofill Profiles, Autofill, Typed URLs, Extensions, Sessions, Extension settings, History Delete Directives, Device Info, User Consents, Send Tab To Self, Web Apps, Collection, Edge E Drop, Edge Hub App Usage, Edge Tab Group, Edge Wallet, Encryption Keys}
{"logTime": "0107/195622", "correlationVector":"7HbG02aOAVw7xaUDmZAUBK.1","action":"SyncServerConnectionManagerRequest", "result":"SYNC_SERVER_OK", "context":{"environment":"Prod_WestEurope_000l", "migrationStage":"NotStarted", "server":"general0100000E"}}
{"logTime": "0107/195622", "correlationVector":"7HbG02aOAVw7xaUDmZAUBK.2","action":"GetUpdates Response", "result":"Success", "context":Received 2 update(s). cV=7HbG02aOAVw7xaUDmZAUBK.0;server=general0100000E;cloudType=Consumer;environment=Prod_WestEurope_000l;migrationStage=NotStarted}
{"logTime": "0107/195622", "correlationVector":"Tvzh4BIxtzZ9vbYiPbntaR","action":"Commit Request", "result":"", "context":Item count: 8
Contributing types: Extensions, Sessions}
{"logTime": "0107/195623", "correlationVector":"Tvzh4BIxtzZ9vbYiPbntaR.1","action":"SyncServerConnectionManagerRequest", "result":"SYNC_SERVER_OK", "context":{"environment":"Prod_WestEurope_000l", "migrationStage":"NotStarted", "server":"GENERAL0100000O"}}
{"logTime": "0107/195623", "correlationVector":"Tvzh4BIxtzZ9vbYiPbntaR.3","action":"Commit.Sessions", "result":"Success", "context":{"id":"7e4f68d2-120e-476b-b882-0055b88b1d60", "isDeleted":"true", "size":"0", "version":"1736193285818"}}
{"logTime": "0107/195623", "correlationVector":"Tvzh4BIxtzZ9vbYiPbntaR.4","action":"Commit.Sessions", "result":"Success", "context":{"id":"386fe86f-fb91-4a5f-83df-e592f9c7c6d7", "isDeleted":"true", "size":"0", "version":"1736193285819"}}
{"logTime": "0107/195623", "correlationVector":"Tvzh4BIxtzZ9vbYiPbntaR.5","action":"Commit.Sessions", "result":"Success", "context":{"id":"20f86cce-7301-41d1-af2b-fe368db88195", "isDeleted":"true", "size":"0", "version":"1736197169230"}}
{"logTime": "0107/195623", "correlationVector":"Tvzh4BIxtzZ9vbYiPbntaR.6","action":"Commit.Sessions", "result":"Success", "context":{"id":"967ed7c2-982e-4a12-880c-c6c5d8e3666b", "isDeleted":"true", "size":"0", "version":"1736193285821"}}
{"logTime": "0107/195623", "correlationVector":"Tvzh4BIxtzZ9vbYiPbntaR.2","action":"Commit Response", "result":"Success", "context":Result: Success. cV=Tvzh4BIxtzZ9vbYiPbntaR.0;server=GENERAL0100000O;cloudType=Consumer;environment=Prod_WestEurope_000l;migrationStage=NotStarted}
{"logTime": "0107/195624", "correlationVector":"IoEhwj3ijM33zE6qF3DDLs","action":"SyncServerConnectionManagerRequest", "result":"SYNC_SERVER_OK", "context":{"environment":"", "migrationStage":"", "server":""}}
{"logTime": "0107/195624", "correlationVector":"DRifbnTnFVc1uEooLaYYnc","action":"Poll GetUpdate request", "result":"", "context":cV=DRifbnTnFVc1uEooLaYYnc}
{"logTime": "0107/195624", "correlationVector":"DRifbnTnFVc1uEooLaYYnc.1","action":"SyncServerConnectionManagerRequest", "result":"SYNC_SERVER_OK", "context":{"environment":"Prod_WestEurope_000l", "migrationStage":"NotStarted", "server":"GENERAL0100001C"}}
{"logTime": "0107/195624", "correlationVector":"DRifbnTnFVc1uEooLaYYnc.2","action":"GetUpdates", "result":"DeleteReceived", "context":{"id":"7e4f68d2-120e-476b-b882-0055b88b1d60", "isDeleted:":"true", "version":"1736279783228"}}
{"logTime": "0107/195624", "correlationVector":"DRifbnTnFVc1uEooLaYYnc.3","action":"GetUpdates", "result":"DeleteReceived", "context":{"id":"386fe86f-fb91-4a5f-83df-e592f9c7c6d7", "isDeleted:":"true", "version":"1736279783229"}}
{"logTime": "0107/195624", "correlationVector":"DRifbnTnFVc1uEooLaYYnc.4","action":"GetUpdates", "result":"DeleteReceived", "context":{"id":"20f86cce-7301-41d1-af2b-fe368db88195", "isDeleted:":"true", "version":"1736279783231"}}
{"logTime": "0107/195624", "correlationVector":"DRifbnTnFVc1uEooLaYYnc.5","action":"GetUpdates", "result":"DeleteReceived", "context":{"id":"967ed7c2-982e-4a12-880c-c6c5d8e3666b", "isDeleted:":"true", "version":"1736279783232"}}
{"logTime": "0107/195624", "correlationVector":"DRifbnTnFVc1uEooLaYYnc.6","action":"GetUpdates Response", "result":"Success", "context":Received 8 update(s). cV=DRifbnTnFVc1uEooLaYYnc.0;server=GENERAL0100001C;cloudType=Consumer;environment=Prod_WestEurope_000l;migrationStage=NotStarted}
{"logTime": "0107/195655", "correlationVector":"qdDtHl5IqQPOvXmuESND8q","action":"Commit Request", "result":"", "context":Item count: 6
Contributing types: Preferences, Sessions}
{"logTime": "0107/195655", "correlationVector":"qdDtHl5IqQPOvXmuESND8q.1","action":"SyncServerConnectionManagerRequest", "result":"SYNC_SERVER_OK", "context":{"environment":"Prod_WestEurope_000l", "migrationStage":"NotStarted", "server":"GENERAL0100001F"}}
{"logTime": "0107/195655", "correlationVector":"qdDtHl5IqQPOvXmuESND8q.2","action":"Commit Response", "result":"Success", "context":Result: Success. cV=qdDtHl5IqQPOvXmuESND8q.0;server=GENERAL0100001F;cloudType=Consumer;environment=Prod_WestEurope_000l;migrationStage=NotStarted}
{"logTime": "0107/200122", "correlationVector":"5Qa7fSzYdOuwnjmHKY4AxH","action":"Normal GetUpdate request", "result":"", "context":cV=5Qa7fSzYdOuwnjmHKY4AxH
Nudged types: Sessions
Refresh requested types: Bookmarks, Preferences, Passwords, Autofill Profiles, Autofill, Typed URLs, Extensions, Sessions, Extension settings, History Delete Directives, Device Info, User Consents, Send Tab To Self, Web Apps, Collection, Edge E Drop, Edge Hub App Usage, Edge Tab Group, Edge Wallet, Encryption Keys}
{"logTime": "0107/200122", "correlationVector":"5Qa7fSzYdOuwnjmHKY4AxH.1","action":"SyncServerConnectionManagerRequest", "result":"SYNC_SERVER_OK", "context":{"environment":"Prod_WestEurope_000l", "migrationStage":"NotStarted", "server":"GENERAL01000010"}}
{"logTime": "0107/200122", "correlationVector":"5Qa7fSzYdOuwnjmHKY4AxH.2","action":"GetUpdates Response", "result":"Success", "context":Received 6 update(s). cV=5Qa7fSzYdOuwnjmHKY4AxH.0;server=GENERAL01000010;cloudType=Consumer;environment=Prod_WestEurope_000l;migrationStage=NotStarted}
{"logTime": "0107/200122", "correlationVector":"JpGAxi2ze19qUbbAAB1GIJ","action":"Commit Request", "result":"", "context":Item count: 3
Contributing types: Sessions}
{"logTime": "0107/200123", "correlationVector":"JpGAxi2ze19qUbbAAB1GIJ.1","action":"SyncServerConnectionManagerRequest", "result":"SYNC_SERVER_OK", "context":{"environment":"Prod_WestEurope_000l", "migrationStage":"NotStarted", "server":"GENERAL0100000G"}}
{"logTime": "0107/200123", "correlationVector":"JpGAxi2ze19qUbbAAB1GIJ.3","action":"Commit.Sessions", "result":"Success", "context":{"id":"bf4529a4-3889-4789-b659-191575832db9", "isDeleted":"true", "size":"0", "version":"1736279815470"}}
{"logTime": "0107/200123", "correlationVector":"JpGAxi2ze19qUbbAAB1GIJ.2","action":"Commit Response", "result":"Success", "context":Result: Success. cV=JpGAxi2ze19qUbbAAB1GIJ.0;server=GENERAL0100000G;cloudType=Consumer;environment=Prod_WestEurope_000l;migrationStage=NotStarted}
{"logTime": "0107/210123", "correlationVector":"uVigxEXG+HhYZDMtakA4g3","action":"Commit Request", "result":"", "context":Item count: 7
Contributing types: Sessions}
{"logTime": "0107/210123", "correlationVector":"uVigxEXG+HhYZDMtakA4g3.1","action":"SyncServerConnectionManagerRequest", "result":"SYNC_SERVER_OK", "context":{"environment":"Prod_WestEurope_000l", "migrationStage":"NotStarted", "server":"GENERAL0100000N"}}
{"logTime": "0107/210123", "correlationVector":"uVigxEXG+HhYZDMtakA4g3.2","action":"Commit Response", "result":"Success", "context":Result: Success. cV=uVigxEXG+HhYZDMtakA4g3.0;server=GENERAL0100000N;cloudType=Consumer;environment=Prod_WestEurope_000l;migrationStage=NotStarted}
{"logTime": "0107/212204", "correlationVector":"ON8hFjGyoPByZ4fKWoymyH","action":"Commit Request", "result":"", "context":Item count: 1
Contributing types: Device Info}
{"logTime": "0107/212205", "correlationVector":"ON8hFjGyoPByZ4fKWoymyH.1","action":"SyncServerConnectionManagerRequest", "result":"SYNC_SERVER_OK", "context":{"environment":"Prod_WestEurope_000l", "migrationStage":"NotStarted", "server":"GENERAL0100000Q"}}
{"logTime": "0107/212205", "correlationVector":"ON8hFjGyoPByZ4fKWoymyH.2","action":"Commit Response", "result":"Success", "context":Result: Success. cV=ON8hFjGyoPByZ4fKWoymyH.0;server=GENERAL0100000Q;cloudType=Consumer;environment=Prod_WestEurope_000l;migrationStage=NotStarted}
{"logTime": "0108/102010", "correlationVector":"Alocs1UQ74rYgcnv6eTStO","action":"Normal GetUpdate request", "result":"", "context":cV=Alocs1UQ74rYgcnv6eTStO
Nudged types: Sessions
Refresh requested types: Bookmarks, Preferences, Passwords, Autofill Profiles, Autofill, Typed URLs, Extensions, Sessions, Extension settings, History Delete Directives, Device Info, User Consents, Send Tab To Self, Web Apps, Collection, Edge E Drop, Edge Hub App Usage, Edge Tab Group, Edge Wallet, Encryption Keys}
{"logTime": "0108/102012", "correlationVector":"Alocs1UQ74rYgcnv6eTStO.1","action":"SyncServerConnectionManagerRequest", "result":"SYNC_SERVER_OK", "context":{"environment":"Prod_WestEurope_x00e", "migrationStage":"NotStarted", "server":"GENERAL0200001C"}}
{"logTime": "0108/102012", "correlationVector":"Alocs1UQ74rYgcnv6eTStO.2","action":"GetUpdates", "result":"DeleteReceived", "context":{"id":"bf4529a4-3889-4789-b659-191575832db9", "isDeleted:":"true", "version":"1736280082632"}}
{"logTime": "0108/102012", "correlationVector":"Alocs1UQ74rYgcnv6eTStO.3","action":"GetUpdates Response", "result":"Success", "context":Received 9 update(s). cV=Alocs1UQ74rYgcnv6eTStO.0;server=GENERAL0200001C;cloudType=Consumer;environment=Prod_WestEurope_x00e;migrationStage=NotStarted}
{"logTime": "0108/102012", "correlationVector":"zRZqAZ/pkXBUgDIg4+s/It","action":"DoCompareDataConsistency requsted types: ", "result":"Bookmarks, Preferences, Passwords, Typed URLs, Extensions, Extension settings, History Delete Directives, Send Tab To Self, Web Apps, Collection, Edge E Drop, Edge Tab Group, Edge Wallet, Encryption Keys"}
{"logTime": "0108/102012", "correlationVector":"zRZqAZ/pkXBUgDIg4+s/It.0","action":"CompareDataConsistency result: ", "result":"Compare result: Encryption Keys is consistent. local entities count is: 1 local entities hash is: pXhs880HwL/y6qVAgM6sVj8WRtw="}
{"logTime": "0108/102012", "correlationVector":"zRZqAZ/pkXBUgDIg4+s/It.1","action":"CompareDataConsistency result: ", "result":"Compare result: Bookmarks is consistent. local entities count is: 10 local entities hash is: r40aZq+xCZ6fNVM0C3dNzN5mLDM="}
{"logTime": "0108/102012", "correlationVector":"zRZqAZ/pkXBUgDIg4+s/It.2","action":"CompareDataConsistency result: ", "result":"Compare result: Preferences is consistent. local entities count is: 89 local entities hash is: VRaHpLd3H0UG55CXd+aMwZ/ZPqM="}
{"logTime": "0108/102012", "correlationVector":"zRZqAZ/pkXBUgDIg4+s/It.3","action":"CompareDataConsistency result: ", "result":"Compare result: Passwords is consistent. local entities count is: 124 local entities hash is: asgVAUPNcKrOGCnqyj1SqBQlAOM="}
{"logTime": "0108/102012", "correlationVector":"zRZqAZ/pkXBUgDIg4+s/It.4","action":"CompareDataConsistency result: ", "result":"Server did not send this Typed URLs local entities count is: 90 local entities hash is: 84T7GKC27YClH51hpLWO5bH1FUI="}
{"logTime": "0108/102012", "correlationVector":"zRZqAZ/pkXBUgDIg4+s/It.5","action":"CompareDataConsistency result: ", "result":"Compare result: Extensions is consistent. local entities count is: 9 local entities hash is: 9ry3ffE/i22IAmnv+qbhDwCGkBc="}
{"logTime": "0108/102012", "correlationVector":"zRZqAZ/pkXBUgDIg4+s/It.6","action":"CompareDataConsistency result: ", "result":"Compare result: Extension settings is consistent. local entities count is: 4 local entities hash is: /v0w3Xo1cAwu5qWZNFQR94w8LBo="}
{"logTime": "0108/102012", "correlationVector":"zRZqAZ/pkXBUgDIg4+s/It.7","action":"CompareDataConsistency result: ", "result":"Compare result: History Delete Directives is consistent. local entities count is: 0 local entities hash is: "}
{"logTime": "0108/102012", "correlationVector":"zRZqAZ/pkXBUgDIg4+s/It.8","action":"CompareDataConsistency result: ", "result":"Server did not send this Send Tab To Self local entities count is: 0 local entities hash is: "}
{"logTime": "0108/102012", "correlationVector":"zRZqAZ/pkXBUgDIg4+s/It.9","action":"CompareDataConsistency result: ", "result":"Compare result: Web Apps is consistent. local entities count is: 0 local entities hash is: "}
{"logTime": "0108/102012", "correlationVector":"zRZqAZ/pkXBUgDIg4+s/It.10","action":"CompareDataConsistency result: ", "result":"Compare result: Collection is consistent. local entities count is: 0 local entities hash is: "}
{"logTime": "0108/102012", "correlationVector":"zRZqAZ/pkXBUgDIg4+s/It.11","action":"CompareDataConsistency result: ", "result":"Compare result: Edge E Drop is consistent. local entities count is: 0 local entities hash is: "}
{"logTime": "0108/102012", "correlationVector":"zRZqAZ/pkXBUgDIg4+s/It.12","action":"CompareDataConsistency result: ", "result":"Compare result: Edge Tab Group is consistent. local entities count is: 0 local entities hash is: "}
{"logTime": "0108/102012", "correlationVector":"zRZqAZ/pkXBUgDIg4+s/It.13","action":"CompareDataConsistency result: ", "result":"Compare result: Edge Wallet is consistent. local entities count is: 0 local entities hash is: "}
{"logTime": "0108/102012", "correlationVector":"A8DXdDbTuIh3K2VJZEoBEu","action":"Commit Request", "result":"", "context":Item count: 10
Contributing types: Sessions}
{"logTime": "0108/102013", "correlationVector":"A8DXdDbTuIh3K2VJZEoBEu.1","action":"SyncServerConnectionManagerRequest", "result":"SYNC_SERVER_OK", "context":{"environment":"Prod_NorthEurope_000h", "migrationStage":"NotStarted", "server":"GENERAL0100001C"}}
{"logTime": "0108/102013", "correlationVector":"A8DXdDbTuIh3K2VJZEoBEu.3","action":"Commit.Sessions", "result":"Success", "context":{"id":"aece3813-f27a-4e80-b0c2-a89b07948fad", "isDeleted":"true", "size":"0", "version":"1736279815466"}}
{"logTime": "0108/102013", "correlationVector":"A8DXdDbTuIh3K2VJZEoBEu.4","action":"Commit.Sessions", "result":"Success", "context":{"id":"c0a84824-ce5a-4183-a5aa-ce41fb75aabd", "isDeleted":"true", "size":"0", "version":"1736283683398"}}
{"logTime": "0108/102013", "correlationVector":"A8DXdDbTuIh3K2VJZEoBEu.5","action":"Commit.Sessions", "result":"Success", "context":{"id":"fc1ab42e-a39c-4c5e-9168-887c44f14b4e", "isDeleted":"true", "size":"0", "version":"1736283683399"}}
{"logTime": "0108/102013", "correlationVector":"A8DXdDbTuIh3K2VJZEoBEu.2","action":"Commit Response", "result":"Success", "context":Result: Success. cV=A8DXdDbTuIh3K2VJZEoBEu.0;server=GENERAL0100001C;cloudType=Consumer;environment=Prod_NorthEurope_000h;migrationStage=NotStarted}
{"logTime": "0108/102013", "correlationVector":"A8DXdDbTuIh3K2VJZEoBEu.6","action":"Commit.Sessions", "result":"Success", "context":{"id":"92ff7fa0-462d-468e-8d29-a104128e49a3", "isDeleted":"true", "size":"0", "version":"1736283683400"}}
{"logTime": "0108/102013", "correlationVector":"A8DXdDbTuIh3K2VJZEoBEu.7","action":"Commit.Sessions", "result":"Success", "context":{"id":"1201bb8f-86d0-4ddd-acc3-72d2b1432b47", "isDeleted":"true", "size":"0", "version":"1736279815469"}}
{"logTime": "0108/102013", "correlationVector":"A8DXdDbTuIh3K2VJZEoBEu.8","action":"Commit.Sessions", "result":"Success", "context":{"id":"129d4118-56de-4c8d-8677-3430b0b08b0f", "isDeleted":"true", "size":"0", "version":"1736283683402"}}
{"logTime": "0108/102013", "correlationVector":"A8DXdDbTuIh3K2VJZEoBEu.9","action":"Commit.Sessions", "result":"Success", "context":{"id":"2e3be6d2-6daa-40fb-808a-ea8be95a7424", "isDeleted":"true", "size":"0", "version":"1736283683403"}}
{"logTime": "0108/102013", "correlationVector":"","action":"DIAGNOSTIC_REQUEST|v1/diagnosticData/Diagnostic.SendCheckResult()|SUCCESS", "result":""}
{"logTime": "0108/102013", "correlationVector":"8RFCfnpKr0eBXwUw8DFHIv","action":"Commit Request", "result":"", "context":Item count: 1
Contributing types: Sessions}
{"logTime": "0108/102013", "correlationVector":"8RFCfnpKr0eBXwUw8DFHIv.1","action":"SyncServerConnectionManagerRequest", "result":"SYNC_SERVER_OK", "context":{"environment":"Prod_WestEurope_000l", "migrationStage":"NotStarted", "server":"GENERAL01000010"}}
{"logTime": "0108/102013", "correlationVector":"8RFCfnpKr0eBXwUw8DFHIv.2","action":"Commit Response", "result":"Success", "context":Result: Success. cV=8RFCfnpKr0eBXwUw8DFHIv.0;server=GENERAL01000010;cloudType=Consumer;environment=Prod_WestEurope_000l;migrationStage=NotStarted}
{"logTime": "0108/102013", "correlationVector":"ROlbysmUwCQZgk3tjGgZqE","action":"Poll GetUpdate request", "result":"", "context":cV=ROlbysmUwCQZgk3tjGgZqE}
{"logTime": "0108/102014", "correlationVector":"ROlbysmUwCQZgk3tjGgZqE.1","action":"SyncServerConnectionManagerRequest", "result":"SYNC_SERVER_OK", "context":{"environment":"Prod_WestEurope_x00e", "migrationStage":"NotStarted", "server":"GENERAL0100000I"}}
{"logTime": "0108/102014", "correlationVector":"ROlbysmUwCQZgk3tjGgZqE.2","action":"GetUpdates", "result":"DeleteReceived", "context":{"id":"aece3813-f27a-4e80-b0c2-a89b07948fad", "isDeleted:":"true", "version":"1736331612379"}}
{"logTime": "0108/102014", "correlationVector":"ROlbysmUwCQZgk3tjGgZqE.3","action":"GetUpdates", "result":"DeleteReceived", "context":{"id":"c0a84824-ce5a-4183-a5aa-ce41fb75aabd", "isDeleted:":"true", "version":"1736331612381"}}
{"logTime": "0108/102014", "correlationVector":"ROlbysmUwCQZgk3tjGgZqE.4","action":"GetUpdates", "result":"DeleteReceived", "context":{"id":"fc1ab42e-a39c-4c5e-9168-887c44f14b4e", "isDeleted:":"true", "version":"1736331612382"}}
{"logTime": "0108/102014", "correlationVector":"ROlbysmUwCQZgk3tjGgZqE.5","action":"GetUpdates", "result":"DeleteReceived", "context":{"id":"92ff7fa0-462d-468e-8d29-a104128e49a3", "isDeleted:":"true", "version":"1736331612383"}}
{"logTime": "0108/102014", "correlationVector":"ROlbysmUwCQZgk3tjGgZqE.6","action":"GetUpdates", "result":"DeleteReceived", "context":{"id":"1201bb8f-86d0-4ddd-acc3-72d2b1432b47", "isDeleted:":"true", "version":"1736331612385"}}
{"logTime": "0108/102014", "correlationVector":"ROlbysmUwCQZgk3tjGgZqE.7","action":"GetUpdates", "result":"DeleteReceived", "context":{"id":"129d4118-56de-4c8d-8677-3430b0b08b0f", "isDeleted:":"true", "version":"1736331612386"}}
{"logTime": "0108/102014", "correlationVector":"ROlbysmUwCQZgk3tjGgZqE.8","action":"GetUpdates", "result":"DeleteReceived", "context":{"id":"2e3be6d2-6daa-40fb-808a-ea8be95a7424", "isDeleted:":"true", "version":"1736331612387"}}
{"logTime": "0108/102014", "correlationVector":"ROlbysmUwCQZgk3tjGgZqE.9","action":"GetUpdates Response", "result":"Success", "context":Received 10 update(s). cV=ROlbysmUwCQZgk3tjGgZqE.0;server=GENERAL0100000I;cloudType=Consumer;environment=Prod_WestEurope_x00e;migrationStage=NotStarted}
{"logTime": "0108/102119", "correlationVector":"I9Xj60Sb/3OjW7sBKi9Zcr","action":"Commit Request", "result":"", "context":Item count: 3
Contributing types: Typed URLs, Sessions}
{"logTime": "0108/102120", "correlationVector":"I9Xj60Sb/3OjW7sBKi9Zcr.1","action":"SyncServerConnectionManagerRequest", "result":"SYNC_SERVER_OK", "context":{"environment":"Prod_WestEurope_x00e", "migrationStage":"NotStarted", "server":"GENERAL02000015"}}
{"logTime": "0108/102120", "correlationVector":"I9Xj60Sb/3OjW7sBKi9Zcr.2","action":"Commit Response", "result":"Success", "context":Result: Success. cV=I9Xj60Sb/3OjW7sBKi9Zcr.0;server=GENERAL02000015;cloudType=Consumer;environment=Prod_WestEurope_x00e;migrationStage=NotStarted}
{"logTime": "0108/102510", "correlationVector":"e6bCMlcL5eV3dlARyLTINp","action":"Normal GetUpdate request", "result":"", "context":cV=e6bCMlcL5eV3dlARyLTINp
Nudged types: Sessions
Refresh requested types: Bookmarks, Preferences, Passwords, Autofill Profiles, Autofill, Typed URLs, Extensions, Sessions, Extension settings, History Delete Directives, Device Info, User Consents, Send Tab To Self, Web Apps, Collection, Edge E Drop, Edge Hub App Usage, Edge Tab Group, Edge Wallet, Encryption Keys}
{"logTime": "0108/102511", "correlationVector":"e6bCMlcL5eV3dlARyLTINp.1","action":"SyncServerConnectionManagerRequest", "result":"SYNC_SERVER_OK", "context":{"environment":"Prod_WestEurope_x00e", "migrationStage":"NotStarted", "server":"GENERAL0100000Z"}}
{"logTime": "0108/102511", "correlationVector":"e6bCMlcL5eV3dlARyLTINp.2","action":"GetUpdates Response", "result":"Success", "context":Received 3 update(s). cV=e6bCMlcL5eV3dlARyLTINp.0;server=GENERAL0100000Z;cloudType=Consumer;environment=Prod_WestEurope_x00e;migrationStage=NotStarted}
{"logTime": "0108/102511", "correlationVector":"Nu1gYBWaP/X7TRpk+wPnQq","action":"Commit Request", "result":"", "context":Item count: 1
Contributing types: Sessions}
{"logTime": "0108/102511", "correlationVector":"Nu1gYBWaP/X7TRpk+wPnQq.1","action":"SyncServerConnectionManagerRequest", "result":"SYNC_SERVER_OK", "context":{"environment":"Prod_WestEurope_x00e", "migrationStage":"NotStarted", "server":"GENERAL0100000F"}}
{"logTime": "0108/102511", "correlationVector":"Nu1gYBWaP/X7TRpk+wPnQq.2","action":"Commit Response", "result":"Success", "context":Result: Success. cV=Nu1gYBWaP/X7TRpk+wPnQq.0;server=GENERAL0100000F;cloudType=Consumer;environment=Prod_WestEurope_x00e;migrationStage=NotStarted}
{"logTime": "0108/102630", "correlationVector":"rTUNejhY863h65NEnAcIsm","action":"Commit Request", "result":"", "context":Item count: 3
Contributing types: Typed URLs, Sessions}
{"logTime": "0108/102630", "correlationVector":"rTUNejhY863h65NEnAcIsm.1","action":"SyncServerConnectionManagerRequest", "result":"SYNC_SERVER_OK", "context":{"environment":"Prod_WestEurope_x00e", "migrationStage":"NotStarted", "server":"GENERAL0100000M"}}
{"logTime": "0108/102630", "correlationVector":"rTUNejhY863h65NEnAcIsm.2","action":"Commit Response", "result":"Success", "context":Result: Success. cV=rTUNejhY863h65NEnAcIsm.0;server=GENERAL0100000M;cloudType=Consumer;environment=Prod_WestEurope_x00e;migrationStage=NotStarted}
{"logTime": "0108/110630", "correlationVector":"va2NY0EGV42+gc5kiMVUiw","action":"Commit Request", "result":"", "context":Item count: 7
Contributing types: Passwords, Sessions}
{"logTime": "0108/110631", "correlationVector":"va2NY0EGV42+gc5kiMVUiw.1","action":"SyncServerConnectionManagerRequest", "result":"SYNC_SERVER_OK", "context":{"environment":"Prod_NorthEurope_000h", "migrationStage":"NotStarted", "server":"GENERAL01000028"}}
{"logTime": "0108/110631", "correlationVector":"va2NY0EGV42+gc5kiMVUiw.2","action":"Commit Response", "result":"Success", "context":Result: Success. cV=va2NY0EGV42+gc5kiMVUiw.0;server=GENERAL01000028;cloudType=Consumer;environment=Prod_NorthEurope_000h;migrationStage=NotStarted}
{"logTime": "0108/110706", "correlationVector":"1Q4ROc8x/wwaH9P55rFLUY","action":"Commit Request", "result":"", "context":Item count: 1
Contributing types: Preferences}
{"logTime": "0108/110707", "correlationVector":"1Q4ROc8x/wwaH9P55rFLUY.1","action":"SyncServerConnectionManagerRequest", "result":"SYNC_SERVER_OK", "context":{"environment":"Prod_WestEurope_x00e", "migrationStage":"NotStarted", "server":"GENERAL0100000M"}}
{"logTime": "0108/110707", "correlationVector":"1Q4ROc8x/wwaH9P55rFLUY.2","action":"Commit Response", "result":"Success", "context":Result: Success. cV=1Q4ROc8x/wwaH9P55rFLUY.0;server=GENERAL0100000M;cloudType=Consumer;environment=Prod_WestEurope_x00e;migrationStage=NotStarted}
{"logTime": "0108/121031", "correlationVector":"R7lyKj3/bQG5LOul70fNuh","action":"Commit Request", "result":"", "context":Item count: 4
Contributing types: Sessions}
{"logTime": "0108/121032", "correlationVector":"R7lyKj3/bQG5LOul70fNuh.1","action":"SyncServerConnectionManagerRequest", "result":"SYNC_SERVER_OK", "context":{"environment":"Prod_WestEurope_000l", "migrationStage":"NotStarted", "server":"GENERAL0100000Q"}}
{"logTime": "0108/121032", "correlationVector":"R7lyKj3/bQG5LOul70fNuh.3","action":"Commit.Sessions", "result":"Success", "context":{"id":"0591d9d2-430b-433a-a4ac-b85f4e846d17", "isDeleted":"true", "size":"0", "version":"1736334390415"}}
{"logTime": "0108/121032", "correlationVector":"R7lyKj3/bQG5LOul70fNuh.2","action":"Commit Response", "result":"Success", "context":Result: Success. cV=R7lyKj3/bQG5LOul70fNuh.0;server=GENERAL0100000Q;cloudType=Consumer;environment=Prod_WestEurope_000l;migrationStage=NotStarted}
{"logTime": "0108/133143", "correlationVector":"eylbJzKah3X2u2ImPqHWg6","action":"Commit Request", "result":"", "context":Item count: 1
Contributing types: Sessions}
{"logTime": "0108/133144", "correlationVector":"eylbJzKah3X2u2ImPqHWg6.1","action":"SyncServerConnectionManagerRequest", "result":"SYNC_SERVER_OK", "context":{"environment":"Prod_WestEurope_x00e", "migrationStage":"NotStarted", "server":"GENERAL0100000P"}}
{"logTime": "0108/133144", "correlationVector":"eylbJzKah3X2u2ImPqHWg6.2","action":"Commit Response", "result":"Success", "context":Result: Success. cV=eylbJzKah3X2u2ImPqHWg6.0;server=GENERAL0100000P;cloudType=Consumer;environment=Prod_WestEurope_x00e;migrationStage=NotStarted}
{"logTime": "0108/144826", "correlationVector":"QCn+J9pGcJGurdLeBu++Hs","action":"Commit Request", "result":"", "context":Item count: 3
Contributing types: Sessions}
{"logTime": "0108/144827", "correlationVector":"QCn+J9pGcJGurdLeBu++Hs.1","action":"SyncServerConnectionManagerRequest", "result":"SYNC_SERVER_OK", "context":{"environment":"Prod_NorthEurope_000h", "migrationStage":"NotStarted", "server":"GENERAL0100000O"}}
{"logTime": "0108/144827", "correlationVector":"QCn+J9pGcJGurdLeBu++Hs.2","action":"Commit Response", "result":"Success", "context":Result: Success. cV=QCn+J9pGcJGurdLeBu++Hs.0;server=GENERAL0100000O;cloudType=Consumer;environment=Prod_NorthEurope_000h;migrationStage=NotStarted}
{"logTime": "0108/182014", "correlationVector":"H6gYTkgUDUX7v6GjIJDHoZ","action":"Commit Request", "result":"", "context":Item count: 5
Contributing types: Sessions}
{"logTime": "0108/182015", "correlationVector":"H6gYTkgUDUX7v6GjIJDHoZ.1","action":"SyncServerConnectionManagerRequest", "result":"SYNC_SERVER_OK", "context":{"environment":"Prod_WestEurope_000l", "migrationStage":"NotStarted", "server":"GENERAL01000003"}}
{"logTime": "0108/182015", "correlationVector":"H6gYTkgUDUX7v6GjIJDHoZ.2","action":"Commit Response", "result":"Success", "context":Result: Success. cV=H6gYTkgUDUX7v6GjIJDHoZ.0;server=GENERAL01000003;cloudType=Consumer;environment=Prod_WestEurope_000l;migrationStage=NotStarted}
{"logTime": "0108/182015", "correlationVector":"G7BsutkzO2vdmt+5L7Qd/w","action":"Poll GetUpdate request", "result":"", "context":cV=G7BsutkzO2vdmt+5L7Qd/w}
{"logTime": "0108/182015", "correlationVector":"G7BsutkzO2vdmt+5L7Qd/w.1","action":"SyncServerConnectionManagerRequest", "result":"SYNC_SERVER_OK", "context":{"environment":"Prod_WestEurope_000l", "migrationStage":"NotStarted", "server":"GENERAL0100000K"}}
{"logTime": "0108/182015", "correlationVector":"G7BsutkzO2vdmt+5L7Qd/w.2","action":"GetUpdates", "result":"DeleteReceived", "context":{"id":"0591d9d2-430b-433a-a4ac-b85f4e846d17", "isDeleted:":"true", "version":"1736338231988"}}
{"logTime": "0108/182015", "correlationVector":"G7BsutkzO2vdmt+5L7Qd/w.3","action":"GetUpdates Response", "result":"Success", "context":Received 12 update(s). cV=G7BsutkzO2vdmt+5L7Qd/w.0;server=GENERAL0100000K;cloudType=Consumer;environment=Prod_WestEurope_000l;migrationStage=NotStarted}
{"logTime": "0108/190042", "correlationVector":"0BJzhorE+bOcjG7/DEAhVs","action":"Commit Request", "result":"", "context":Item count: 5
Contributing types: Sessions}
{"logTime": "0108/190043", "correlationVector":"0BJzhorE+bOcjG7/DEAhVs.1","action":"SyncServerConnectionManagerRequest", "result":"SYNC_AUTH_ERROR", "context":{"environment":"Prod_WestEurope_000l", "migrationStage":"NotStarted", "server":"GENERAL01000009"}}
{"logTime": "0108/190043", "correlationVector":"0BJzhorE+bOcjG7/DEAhVs.2","action":"Commit Response", "result":"HTTP error (401)", "context":Result: HTTP error (401). cV=0BJzhorE+bOcjG7/DEAhVs.0;server=GENERAL01000009;cloudType=Undetermined;environment=Prod_WestEurope_000l;migrationStage=NotStarted}
{"logTime": "0108/190043", "correlationVector":"isw8mhjpbQjiuikC4Jr9Xf","action":"Commit Request", "result":"", "context":Item count: 5
Contributing types: Sessions}
{"logTime": "0108/190044", "correlationVector":"isw8mhjpbQjiuikC4Jr9Xf.1","action":"SyncServerConnectionManagerRequest", "result":"SYNC_SERVER_OK", "context":{"environment":"Prod_WestEurope_000l", "migrationStage":"NotStarted", "server":"GENERAL0100000G"}}
{"logTime": "0108/190044", "correlationVector":"isw8mhjpbQjiuikC4Jr9Xf.2","action":"Commit Response", "result":"Success", "context":Result: Success. cV=isw8mhjpbQjiuikC4Jr9Xf.0;server=GENERAL0100000G;cloudType=Consumer;environment=Prod_WestEurope_000l;migrationStage=NotStarted}
{"logTime": "0108/200246", "correlationVector":"wc850CYIofcYIn+HYOz26C","action":"Commit Request", "result":"", "context":Item count: 1
Contributing types: Sessions}
{"logTime": "0108/200246", "correlationVector":"wc850CYIofcYIn+HYOz26C.1","action":"SyncServerConnectionManagerRequest", "result":"SYNC_SERVER_OK", "context":{"environment":"Prod_WestEurope_000l", "migrationStage":"NotStarted", "server":"GENERAL0100001B"}}
{"logTime": "0108/200246", "correlationVector":"wc850CYIofcYIn+HYOz26C.2","action":"Commit Response", "result":"Success", "context":Result: Success. cV=wc850CYIofcYIn+HYOz26C.0;server=GENERAL0100001B;cloudType=Consumer;environment=Prod_WestEurope_000l;migrationStage=NotStarted}
{"logTime": "0108/204156", "correlationVector":"87PrHl5++d1K4pIglFypyK","action":"Commit Request", "result":"", "context":Item count: 9
Contributing types: Preferences, Sessions}
{"logTime": "0108/204157", "correlationVector":"87PrHl5++d1K4pIglFypyK.1","action":"SyncServerConnectionManagerRequest", "result":"SYNC_SERVER_OK", "context":{"environment":"Prod_westeurope_prod-s01-079-eur-westeurope", "migrationStage":"NotStarted", "server":"akswtt004000003"}}
{"logTime": "0108/204157", "correlationVector":"87PrHl5++d1K4pIglFypyK.2","action":"Commit Response", "result":"Success", "context":Result: Success. cV=87PrHl5++d1K4pIglFypyK.0;server=akswtt004000003;cloudType=Consumer;environment=Prod_westeurope_prod-s01-079-eur-westeurope;migrationStage=NotStarted}
{"logTime": "0108/205019", "correlationVector":"C0xEdBqH0CC6WPOs15oAaF","action":"Commit Request", "result":"", "context":Item count: 7
Contributing types: Sessions}
{"logTime": "0108/205020", "correlationVector":"C0xEdBqH0CC6WPOs15oAaF.1","action":"SyncServerConnectionManagerRequest", "result":"SYNC_SERVER_OK", "context":{"environment":"Prod_westeurope_prod-s01-079-eur-westeurope", "migrationStage":"NotStarted", "server":"akswtt00400000w"}}
{"logTime": "0108/205020", "correlationVector":"C0xEdBqH0CC6WPOs15oAaF.2","action":"Commit Response", "result":"Success", "context":Result: Success. cV=C0xEdBqH0CC6WPOs15oAaF.0;server=akswtt00400000w;cloudType=Consumer;environment=Prod_westeurope_prod-s01-079-eur-westeurope;migrationStage=NotStarted}
{"logTime": "0108/212204", "correlationVector":"b4YzVPpjLLnUWVC+cXJb5n","action":"Commit Request", "result":"", "context":Item count: 5
Contributing types: Sessions, Device Info}
{"logTime": "0108/212205", "correlationVector":"b4YzVPpjLLnUWVC+cXJb5n.1","action":"SyncServerConnectionManagerRequest", "result":"SYNC_SERVER_OK", "context":{"environment":"Prod_westeurope_prod-s01-079-eur-westeurope", "migrationStage":"NotStarted", "server":"akswtt004000002"}}
{"logTime": "0108/212205", "correlationVector":"b4YzVPpjLLnUWVC+cXJb5n.2","action":"Commit Response", "result":"Success", "context":Result: Success. cV=b4YzVPpjLLnUWVC+cXJb5n.0;server=akswtt004000002;cloudType=Consumer;environment=Prod_westeurope_prod-s01-079-eur-westeurope;migrationStage=NotStarted}
{"logTime": "0108/222205", "correlationVector":"wocd/P/Qtuw05nswCS/c0L","action":"Commit Request", "result":"", "context":Item count: 4
Contributing types: Sessions}
{"logTime": "0108/222206", "correlationVector":"wocd/P/Qtuw05nswCS/c0L.1","action":"SyncServerConnectionManagerRequest", "result":"SYNC_SERVER_OK", "context":{"environment":"Prod_westeurope_prod-s01-079-eur-westeurope", "migrationStage":"NotStarted", "server":"akswtt00400001z"}}
{"logTime": "0108/222206", "correlationVector":"wocd/P/Qtuw05nswCS/c0L.2","action":"Commit Response", "result":"Success", "context":Result: Success. cV=wocd/P/Qtuw05nswCS/c0L.0;server=akswtt00400001z;cloudType=Consumer;environment=Prod_westeurope_prod-s01-079-eur-westeurope;migrationStage=NotStarted}
{"logTime": "0110/140805", "correlationVector":"k5Xk/8YIqfIfRKSn7gtHpr","action":"Normal GetUpdate request", "result":"", "context":cV=k5Xk/8YIqfIfRKSn7gtHpr
Nudged types: Sessions, Device Info
Refresh requested types: Bookmarks, Preferences, Passwords, Autofill Profiles, Autofill, Typed URLs, Extensions, Sessions, Extension settings, History Delete Directives, Device Info, User Consents, Send Tab To Self, Web Apps, Collection, Edge E Drop, Edge Hub App Usage, Edge Tab Group, Edge Wallet, Encryption Keys}
{"logTime": "0110/140807", "correlationVector":"k5Xk/8YIqfIfRKSn7gtHpr.1","action":"SyncServerConnectionManagerRequest", "result":"SYNC_SERVER_OK", "context":{"environment":"Prod_westeurope_prod-s01-080-eur-westeurope", "migrationStage":"NotStarted", "server":"akswtt00500000m"}}
{"logTime": "0110/140807", "correlationVector":"k5Xk/8YIqfIfRKSn7gtHpr.2","action":"GetUpdates Response", "result":"Success", "context":Received 15 update(s). cV=k5Xk/8YIqfIfRKSn7gtHpr.0;server=akswtt00500000m;cloudType=Consumer;environment=Prod_westeurope_prod-s01-080-eur-westeurope;migrationStage=NotStarted}
{"logTime": "0110/140807", "correlationVector":"MM/X+tT0smQplQRsRYXNAF","action":"DoCompareDataConsistency requsted types: ", "result":"Bookmarks, Preferences, Passwords, Typed URLs, Extensions, Extension settings, History Delete Directives, Send Tab To Self, Web Apps, Collection, Edge E Drop, Edge Tab Group, Edge Wallet, Encryption Keys"}
{"logTime": "0110/140807", "correlationVector":"MM/X+tT0smQplQRsRYXNAF.0","action":"CompareDataConsistency result: ", "result":"Compare result: Encryption Keys is consistent. local entities count is: 1 local entities hash is: pXhs880HwL/y6qVAgM6sVj8WRtw="}
{"logTime": "0110/140807", "correlationVector":"MM/X+tT0smQplQRsRYXNAF.1","action":"CompareDataConsistency result: ", "result":"Compare result: Bookmarks is consistent. local entities count is: 10 local entities hash is: r40aZq+xCZ6fNVM0C3dNzN5mLDM="}
{"logTime": "0110/140807", "correlationVector":"MM/X+tT0smQplQRsRYXNAF.2","action":"CompareDataConsistency result: ", "result":"Compare result: Preferences is consistent. local entities count is: 89 local entities hash is: g9PkPTF7dLDz895UjwF0bj5pY3U="}
{"logTime": "0110/140807", "correlationVector":"MM/X+tT0smQplQRsRYXNAF.3","action":"CompareDataConsistency result: ", "result":"Compare result: Passwords is consistent. local entities count is: 124 local entities hash is: dB6mJ18DU/RYJoUYPnWKt6Xr0Fk="}
{"logTime": "0110/140807", "correlationVector":"MM/X+tT0smQplQRsRYXNAF.4","action":"CompareDataConsistency result: ", "result":"Server did not send this Typed URLs local entities count is: 91 local entities hash is: Ho/ZGlQzmL5IadeyquRrBg2lA64="}
{"logTime": "0110/140807", "correlationVector":"MM/X+tT0smQplQRsRYXNAF.5","action":"CompareDataConsistency result: ", "result":"Compare result: Extensions is consistent. local entities count is: 9 local entities hash is: 9ry3ffE/i22IAmnv+qbhDwCGkBc="}
{"logTime": "0110/140807", "correlationVector":"MM/X+tT0smQplQRsRYXNAF.6","action":"CompareDataConsistency result: ", "result":"Compare result: Extension settings is consistent. local entities count is: 4 local entities hash is: /v0w3Xo1cAwu5qWZNFQR94w8LBo="}
{"logTime": "0110/140807", "correlationVector":"MM/X+tT0smQplQRsRYXNAF.7","action":"CompareDataConsistency result: ", "result":"Compare result: History Delete Directives is consistent. local entities count is: 0 local entities hash is: "}
{"logTime": "0110/140807", "correlationVector":"MM/X+tT0smQplQRsRYXNAF.8","action":"CompareDataConsistency result: ", "result":"Server did not send this Send Tab To Self local entities count is: 0 local entities hash is: "}
{"logTime": "0110/140807", "correlationVector":"MM/X+tT0smQplQRsRYXNAF.9","action":"CompareDataConsistency result: ", "result":"Compare result: Web Apps is consistent. local entities count is: 0 local entities hash is: "}
{"logTime": "0110/140807", "correlationVector":"MM/X+tT0smQplQRsRYXNAF.10","action":"CompareDataConsistency result: ", "result":"Compare result: Collection is consistent. local entities count is: 0 local entities hash is: "}
{"logTime": "0110/140807", "correlationVector":"MM/X+tT0smQplQRsRYXNAF.11","action":"CompareDataConsistency result: ", "result":"Compare result: Edge E Drop is consistent. local entities count is: 0 local entities hash is: "}
{"logTime": "0110/140807", "correlationVector":"MM/X+tT0smQplQRsRYXNAF.12","action":"CompareDataConsistency result: ", "result":"Compare result: Edge Tab Group is consistent. local entities count is: 0 local entities hash is: "}
{"logTime": "0110/140807", "correlationVector":"MM/X+tT0smQplQRsRYXNAF.13","action":"CompareDataConsistency result: ", "result":"Compare result: Edge Wallet is consistent. local entities count is: 0 local entities hash is: "}
{"logTime": "0110/140807", "correlationVector":"xF8/bBwHczAsDGNscqanyN","action":"Commit Request", "result":"", "context":Item count: 19
Contributing types: Sessions, Device Info}
{"logTime": "0110/140808", "correlationVector":"xF8/bBwHczAsDGNscqanyN.1","action":"SyncServerConnectionManagerRequest", "result":"SYNC_SERVER_OK", "context":{"environment":"Prod_westeurope_prod-s01-080-eur-westeurope", "migrationStage":"NotStarted", "server":"akswtt00500000y"}}
{"logTime": "0110/140808", "correlationVector":"xF8/bBwHczAsDGNscqanyN.3","action":"Commit.Sessions", "result":"Success", "context":{"id":"6059a908-6ba0-4d11-860b-cafb78bb552e", "isDeleted":"true", "size":"0", "version":"1736369420159"}}
{"logTime": "0110/140808", "correlationVector":"xF8/bBwHczAsDGNscqanyN.4","action":"Commit.Sessions", "result":"Success", "context":{"id":"a70c9249-092b-4983-95cf-0d297f3a197c", "isDeleted":"true", "size":"0", "version":"1736371325319"}}
{"logTime": "0110/140808", "correlationVector":"xF8/bBwHczAsDGNscqanyN.5","action":"Commit.Sessions", "result":"Success", "context":{"id":"bd5867a1-16ab-4ce7-900d-b1e49f476eff", "isDeleted":"true", "size":"0", "version":"1736374926123"}}
{"logTime": "0110/140808", "correlationVector":"xF8/bBwHczAsDGNscqanyN.6","action":"Commit.Sessions", "result":"Success", "context":{"id":"ef7b7892-e7e5-4ec7-9ed4-492ce9260cfa", "isDeleted":"true", "size":"0", "version":"1736374926125"}}
{"logTime": "0110/140808", "correlationVector":"xF8/bBwHczAsDGNscqanyN.7","action":"Commit.Sessions", "result":"Success", "context":{"id":"6b38deef-1497-4b0b-ab30-d73f66cef7f7", "isDeleted":"true", "size":"0", "version":"1736369420164"}}
{"logTime": "0110/140808", "correlationVector":"xF8/bBwHczAsDGNscqanyN.8","action":"Commit.Sessions", "result":"Success", "context":{"id":"7d285c4b-3c06-494e-8319-1ddaae650aff", "isDeleted":"true", "size":"0", "version":"1736368917492"}}
{"logTime": "0110/140808", "correlationVector":"xF8/bBwHczAsDGNscqanyN.9","action":"Commit.Sessions", "result":"Success", "context":{"id":"7cea6e99-9b40-4407-a304-3113ee29cc06", "isDeleted":"true", "size":"0", "version":"1736360414850"}}
{"logTime": "0110/140808", "correlationVector":"xF8/bBwHczAsDGNscqanyN.10","action":"Commit.Sessions", "result":"Success", "context":{"id":"a46a986c-2ec5-497f-84f6-0e92d361ba5e", "isDeleted":"true", "size":"0", "version":"1736374926126"}}
{"logTime": "0110/140808", "correlationVector":"xF8/bBwHczAsDGNscqanyN.11","action":"Commit.Sessions", "result":"Success", "context":{"id":"7095d81e-0373-4328-8672-61023f9c2c33", "isDeleted":"true", "size":"0", "version":"1736362844246"}}
{"logTime": "0110/140808", "correlationVector":"xF8/bBwHczAsDGNscqanyN.12","action":"Commit.Sessions", "result":"Success", "context":{"id":"6c441191-ccb2-4043-995c-b568805d5f3a", "isDeleted":"true", "size":"0", "version":"1736338231989"}}
{"logTime": "0110/140808", "correlationVector":"xF8/bBwHczAsDGNscqanyN.13","action":"Commit.Sessions", "result":"Success", "context":{"id":"6b42ad5c-7285-4fc0-ab4f-a82c755ef566", "isDeleted":"true", "size":"0", "version":"1736368917493"}}
{"logTime": "0110/140808", "correlationVector":"xF8/bBwHczAsDGNscqanyN.14","action":"Commit.Sessions", "result":"Success", "context":{"id":"421fdbe1-13ec-493e-a9d5-16869abbb6a3", "isDeleted":"true", "size":"0", "version":"1736369420165"}}
{"logTime": "0110/140808", "correlationVector":"xF8/bBwHczAsDGNscqanyN.15","action":"Commit.Sessions", "result":"Success", "context":{"id":"eb9978aa-f9de-4d43-9618-ab01abd2952e", "isDeleted":"true", "size":"0", "version":"1736368917494"}}
{"logTime": "0110/140808", "correlationVector":"xF8/bBwHczAsDGNscqanyN.16","action":"Commit.Sessions", "result":"Success", "context":{"id":"20c3a86e-efea-413e-943e-4e70031fc896", "isDeleted":"true", "size":"0", "version":"1736368917495"}}
{"logTime": "0110/140808", "correlationVector":"xF8/bBwHczAsDGNscqanyN.17","action":"Commit.Sessions", "result":"Success", "context":{"id":"c0689c2d-7856-4d05-9338-f535c0cb04e1", "isDeleted":"true", "size":"0", "version":"1736334390418"}}
{"logTime": "0110/140808", "correlationVector":"xF8/bBwHczAsDGNscqanyN.2","action":"Commit Response", "result":"Success", "context":Result: Success. cV=xF8/bBwHczAsDGNscqanyN.0;server=akswtt00500000y;cloudType=Consumer;environment=Prod_westeurope_prod-s01-080-eur-westeurope;migrationStage=NotStarted}
{"logTime": "0110/140809", "correlationVector":"/ZuxPkD1ZPYepa0Ds6v+11","action":"SyncServerConnectionManagerRequest", "result":"SYNC_SERVER_OK", "context":{"environment":"", "migrationStage":"", "server":""}}
{"logTime": "0110/140809", "correlationVector":"","action":"DIAGNOSTIC_REQUEST|v1/diagnosticData/Diagnostic.SendCheckResult()|SUCCESS", "result":""}
{"logTime": "0110/140809", "correlationVector":"Y1CWkUpOTDBdz/ELa39382","action":"Commit Request", "result":"", "context":Item count: 1
Contributing types: Sessions}
{"logTime": "0110/140809", "correlationVector":"Y1CWkUpOTDBdz/ELa39382.1","action":"SyncServerConnectionManagerRequest", "result":"SYNC_SERVER_OK", "context":{"environment":"Prod_westeurope_prod-s01-080-eur-westeurope", "migrationStage":"NotStarted", "server":"akswtt00500002m"}}
{"logTime": "0110/140809", "correlationVector":"Y1CWkUpOTDBdz/ELa39382.2","action":"Commit Response", "result":"Success", "context":Result: Success. cV=Y1CWkUpOTDBdz/ELa39382.0;server=akswtt00500002m;cloudType=Consumer;environment=Prod_westeurope_prod-s01-080-eur-westeurope;migrationStage=NotStarted}
{"logTime": "0110/140809", "correlationVector":"QmLguyR7P6aGd4Yg04KIhV","action":"Commit Request", "result":"", "context":Item count: 1
Contributing types: Sessions}
{"logTime": "0110/140810", "correlationVector":"QmLguyR7P6aGd4Yg04KIhV.1","action":"SyncServerConnectionManagerRequest", "result":"SYNC_SERVER_OK", "context":{"environment":"Prod_westeurope_prod-s01-080-eur-westeurope", "migrationStage":"NotStarted", "server":"akswtt005000029"}}
{"logTime": "0110/140810", "correlationVector":"QmLguyR7P6aGd4Yg04KIhV.2","action":"Commit Response", "result":"Success", "context":Result: Success. cV=QmLguyR7P6aGd4Yg04KIhV.0;server=akswtt005000029;cloudType=Consumer;environment=Prod_westeurope_prod-s01-080-eur-westeurope;migrationStage=NotStarted}
{"logTime": "0110/140810", "correlationVector":"BIolFAx6lBsiVYjSit0I8o","action":"Poll GetUpdate request", "result":"", "context":cV=BIolFAx6lBsiVYjSit0I8o}
{"logTime": "0110/140810", "correlationVector":"BIolFAx6lBsiVYjSit0I8o.1","action":"SyncServerConnectionManagerRequest", "result":"SYNC_SERVER_OK", "context":{"environment":"Prod_westeurope_prod-s01-080-eur-westeurope", "migrationStage":"NotStarted", "server":"akswtt00500000m"}}
{"logTime": "0110/140810", "correlationVector":"BIolFAx6lBsiVYjSit0I8o.2","action":"GetUpdates", "result":"DeleteReceived", "context":{"id":"6059a908-6ba0-4d11-860b-cafb78bb552e", "isDeleted:":"true", "version":"1736518087532"}}
{"logTime": "0110/140810", "correlationVector":"BIolFAx6lBsiVYjSit0I8o.3","action":"GetUpdates", "result":"DeleteReceived", "context":{"id":"a70c9249-092b-4983-95cf-0d297f3a197c", "isDeleted:":"true", "version":"1736518087533"}}
{"logTime": "0110/140810", "correlationVector":"BIolFAx6lBsiVYjSit0I8o.4","action":"GetUpdates", "result":"DeleteReceived", "context":{"id":"bd5867a1-16ab-4ce7-900d-b1e49f476eff", "isDeleted:":"true", "version":"1736518087534"}}
{"logTime": "0110/140810", "correlationVector":"BIolFAx6lBsiVYjSit0I8o.5","action":"GetUpdates", "result":"DeleteReceived", "context":{"id":"ef7b7892-e7e5-4ec7-9ed4-492ce9260cfa", "isDeleted:":"true", "version":"1736518087536"}}
{"logTime": "0110/140810", "correlationVector":"BIolFAx6lBsiVYjSit0I8o.6","action":"GetUpdates", "result":"DeleteReceived", "context":{"id":"6b38deef-1497-4b0b-ab30-d73f66cef7f7", "isDeleted:":"true", "version":"1736518087537"}}
{"logTime": "0110/140810", "correlationVector":"BIolFAx6lBsiVYjSit0I8o.7","action":"GetUpdates", "result":"DeleteReceived", "context":{"id":"7d285c4b-3c06-494e-8319-1ddaae650aff", "isDeleted:":"true", "version":"1736518087538"}}
{"logTime": "0110/140810", "correlationVector":"BIolFAx6lBsiVYjSit0I8o.8","action":"GetUpdates", "result":"DeleteReceived", "context":{"id":"7cea6e99-9b40-4407-a304-3113ee29cc06", "isDeleted:":"true", "version":"1736518087539"}}
{"logTime": "0110/140810", "correlationVector":"BIolFAx6lBsiVYjSit0I8o.9","action":"GetUpdates", "result":"DeleteReceived", "context":{"id":"a46a986c-2ec5-497f-84f6-0e92d361ba5e", "isDeleted:":"true", "version":"1736518087542"}}
{"logTime": "0110/140810", "correlationVector":"BIolFAx6lBsiVYjSit0I8o.10","action":"GetUpdates", "result":"DeleteReceived", "context":{"id":"7095d81e-0373-4328-8672-61023f9c2c33", "isDeleted:":"true", "version":"1736518087543"}}
{"logTime": "0110/140810", "correlationVector":"BIolFAx6lBsiVYjSit0I8o.11","action":"GetUpdates", "result":"DeleteReceived", "context":{"id":"6c441191-ccb2-4043-995c-b568805d5f3a", "isDeleted:":"true", "version":"1736518087544"}}
{"logTime": "0110/140810", "correlationVector":"BIolFAx6lBsiVYjSit0I8o.12","action":"GetUpdates", "result":"DeleteReceived", "context":{"id":"6b42ad5c-7285-4fc0-ab4f-a82c755ef566", "isDeleted:":"true", "version":"1736518087545"}}
{"logTime": "0110/140810", "correlationVector":"BIolFAx6lBsiVYjSit0I8o.13","action":"GetUpdates", "result":"DeleteReceived", "context":{"id":"421fdbe1-13ec-493e-a9d5-16869abbb6a3", "isDeleted:":"true", "version":"1736518087546"}}
{"logTime": "0110/140810", "correlationVector":"BIolFAx6lBsiVYjSit0I8o.14","action":"GetUpdates", "result":"DeleteReceived", "context":{"id":"eb9978aa-f9de-4d43-9618-ab01abd2952e", "isDeleted:":"true", "version":"1736518087547"}}
{"logTime": "0110/140810", "correlationVector":"BIolFAx6lBsiVYjSit0I8o.15","action":"GetUpdates", "result":"DeleteReceived", "context":{"id":"20c3a86e-efea-413e-943e-4e70031fc896", "isDeleted:":"true", "version":"1736518087548"}}
{"logTime": "0110/140810", "correlationVector":"BIolFAx6lBsiVYjSit0I8o.16","action":"GetUpdates", "result":"DeleteReceived", "context":{"id":"c0689c2d-7856-4d05-9338-f535c0cb04e1", "isDeleted:":"true", "version":"1736518087549"}}
{"logTime": "0110/140810", "correlationVector":"BIolFAx6lBsiVYjSit0I8o.17","action":"GetUpdates Response", "result":"Success", "context":Received 19 update(s). cV=BIolFAx6lBsiVYjSit0I8o.0;server=akswtt00500000m;cloudType=Consumer;environment=Prod_westeurope_prod-s01-080-eur-westeurope;migrationStage=NotStarted}
{"logTime": "0110/140813", "correlationVector":"QuOl/nSF82VtEfkd+CwmU8","action":"Commit Request", "result":"", "context":Item count: 1
Contributing types: Preferences}
{"logTime": "0110/140814", "correlationVector":"QuOl/nSF82VtEfkd+CwmU8.1","action":"SyncServerConnectionManagerRequest", "result":"SYNC_SERVER_OK", "context":{"environment":"Prod_westeurope_prod-s01-079-eur-westeurope", "migrationStage":"NotStarted", "server":"akswtt004000037"}}
{"logTime": "0110/140814", "correlationVector":"QuOl/nSF82VtEfkd+CwmU8.2","action":"Commit Response", "result":"Success", "context":Result: Success. cV=QuOl/nSF82VtEfkd+CwmU8.0;server=akswtt004000037;cloudType=Consumer;environment=Prod_westeurope_prod-s01-079-eur-westeurope;migrationStage=NotStarted}
{"logTime": "0110/141305", "correlationVector":"dRXZ0s4QVllj6B8D0u6/dk","action":"Normal GetUpdate request", "result":"", "context":cV=dRXZ0s4QVllj6B8D0u6/dk
Nudged types: Sessions
Refresh requested types: Bookmarks, Preferences, Passwords, Autofill Profiles, Autofill, Typed URLs, Extensions, Sessions, Extension settings, History Delete Directives, Device Info, User Consents, Send Tab To Self, Web Apps, Collection, Edge E Drop, Edge Hub App Usage, Edge Tab Group, Edge Wallet, Encryption Keys}
{"logTime": "0110/141305", "correlationVector":"dRXZ0s4QVllj6B8D0u6/dk.1","action":"SyncServerConnectionManagerRequest", "result":"SYNC_SERVER_OK", "context":{"environment":"Prod_westeurope_prod-s01-080-eur-westeurope", "migrationStage":"NotStarted", "server":"akswtt00500003e"}}
{"logTime": "0110/141305", "correlationVector":"dRXZ0s4QVllj6B8D0u6/dk.2","action":"GetUpdates Response", "result":"Success", "context":Received 1 update(s). cV=dRXZ0s4QVllj6B8D0u6/dk.0;server=akswtt00500003e;cloudType=Consumer;environment=Prod_westeurope_prod-s01-080-eur-westeurope;migrationStage=NotStarted}
{"logTime": "0110/141305", "correlationVector":"n4BORl489yOPmAUIYbkDaF","action":"Commit Request", "result":"", "context":Item count: 7
Contributing types: Sessions}
{"logTime": "0110/141306", "correlationVector":"n4BORl489yOPmAUIYbkDaF.1","action":"SyncServerConnectionManagerRequest", "result":"SYNC_SERVER_OK", "context":{"environment":"Prod_westeurope_prod-s01-080-eur-westeurope", "migrationStage":"NotStarted", "server":"akswtt00500002s"}}
{"logTime": "0110/141306", "correlationVector":"n4BORl489yOPmAUIYbkDaF.2","action":"Commit Response", "result":"Success", "context":Result: Success. cV=n4BORl489yOPmAUIYbkDaF.0;server=akswtt00500002s;cloudType=Consumer;environment=Prod_westeurope_prod-s01-080-eur-westeurope;migrationStage=NotStarted}
{"logTime": "0110/142853", "correlationVector":"h9p+cxarc5d99zDFl0r0Je","action":"Commit Request", "result":"", "context":Item count: 10
Contributing types: Sessions}
{"logTime": "0110/142854", "correlationVector":"h9p+cxarc5d99zDFl0r0Je.1","action":"SyncServerConnectionManagerRequest", "result":"SYNC_SERVER_OK", "context":{"environment":"Prod_westeurope_prod-s01-079-eur-westeurope", "migrationStage":"NotStarted", "server":"akswtt00400002c"}}
{"logTime": "0110/142854", "correlationVector":"h9p+cxarc5d99zDFl0r0Je.2","action":"Commit Response", "result":"Success", "context":Result: Success. cV=h9p+cxarc5d99zDFl0r0Je.0;server=akswtt00400002c;cloudType=Consumer;environment=Prod_westeurope_prod-s01-079-eur-westeurope;migrationStage=NotStarted}
{"logTime": "0110/144731", "correlationVector":"MQh57cY6kCDIvF/fy/bSr+","action":"Commit Request", "result":"", "context":Item count: 14
Contributing types: Typed URLs, Sessions}
{"logTime": "0110/144733", "correlationVector":"MQh57cY6kCDIvF/fy/bSr+.1","action":"SyncServerConnectionManagerRequest", "result":"SYNC_SERVER_OK", "context":{"environment":"Prod_westeurope_prod-s01-079-eur-westeurope", "migrationStage":"NotStarted", "server":"akswtt004000016"}}
{"logTime": "0110/144733", "correlationVector":"MQh57cY6kCDIvF/fy/bSr+.2","action":"Commit Response", "result":"Success", "context":Result: Success. cV=MQh57cY6kCDIvF/fy/bSr+.0;server=akswtt004000016;cloudType=Consumer;environment=Prod_westeurope_prod-s01-079-eur-westeurope;migrationStage=NotStarted}
{"logTime": "0110/144827", "correlationVector":"EqJLK6llK3YWtQTRdI0IJZ","action":"Commit Request", "result":"", "context":Item count: 6
Contributing types: Typed URLs, Sessions}
{"logTime": "0110/144828", "correlationVector":"EqJLK6llK3YWtQTRdI0IJZ.1","action":"SyncServerConnectionManagerRequest", "result":"SYNC_SERVER_OK", "context":{"environment":"Prod_westeurope_prod-s01-080-eur-westeurope", "migrationStage":"NotStarted", "server":"akswtt005000030"}}
{"logTime": "0110/144828", "correlationVector":"EqJLK6llK3YWtQTRdI0IJZ.2","action":"Commit Response", "result":"Success", "context":Result: Success. cV=EqJLK6llK3YWtQTRdI0IJZ.0;server=akswtt005000030;cloudType=Consumer;environment=Prod_westeurope_prod-s01-080-eur-westeurope;migrationStage=NotStarted}
{"logTime": "0110/145458", "correlationVector":"/B0D825uRVM94jywjJx3Fy","action":"Commit Request", "result":"", "context":Item count: 8
Contributing types: Sessions}
{"logTime": "0110/145458", "correlationVector":"/B0D825uRVM94jywjJx3Fy.1","action":"SyncServerConnectionManagerRequest", "result":"SYNC_SERVER_OK", "context":{"environment":"Prod_westeurope_prod-s01-080-eur-westeurope", "migrationStage":"NotStarted", "server":"akswtt005000011"}}
{"logTime": "0110/145458", "correlationVector":"/B0D825uRVM94jywjJx3Fy.2","action":"Commit Response", "result":"Success", "context":Result: Success. cV=/B0D825uRVM94jywjJx3Fy.0;server=akswtt005000011;cloudType=Consumer;environment=Prod_westeurope_prod-s01-080-eur-westeurope;migrationStage=NotStarted}
{"logTime": "0110/152531", "correlationVector":"42M6B5uJzOU2DnUMuiKLCv","action":"Commit Request", "result":"", "context":Item count: 8
Contributing types: Typed URLs, Sessions}
{"logTime": "0110/152532", "correlationVector":"42M6B5uJzOU2DnUMuiKLCv.1","action":"SyncServerConnectionManagerRequest", "result":"SYNC_SERVER_OK", "context":{"environment":"Prod_westeurope_prod-s01-080-eur-westeurope", "migrationStage":"NotStarted", "server":"akswtt005000015"}}
{"logTime": "0110/152532", "correlationVector":"42M6B5uJzOU2DnUMuiKLCv.2","action":"Commit Response", "result":"Success", "context":Result: Success. cV=42M6B5uJzOU2DnUMuiKLCv.0;server=akswtt005000015;cloudType=Consumer;environment=Prod_westeurope_prod-s01-080-eur-westeurope;migrationStage=NotStarted}
{"logTime": "0110/153411", "correlationVector":"YNEeUdUuxxbFItg5bvuVXC","action":"Commit Request", "result":"", "context":Item count: 6
Contributing types: Sessions}
{"logTime": "0110/153412", "correlationVector":"YNEeUdUuxxbFItg5bvuVXC.1","action":"SyncServerConnectionManagerRequest", "result":"SYNC_SERVER_OK", "context":{"environment":"Prod_westeurope_prod-s01-080-eur-westeurope", "migrationStage":"NotStarted", "server":"akswtt00500002b"}}
{"logTime": "0110/153412", "correlationVector":"YNEeUdUuxxbFItg5bvuVXC.2","action":"Commit Response", "result":"Success", "context":Result: Success. cV=YNEeUdUuxxbFItg5bvuVXC.0;server=akswtt00500002b;cloudType=Consumer;environment=Prod_westeurope_prod-s01-080-eur-westeurope;migrationStage=NotStarted}
{"logTime": "0110/154344", "correlationVector":"300Cq6G8VMdTQBNCNUORg/","action":"Commit Request", "result":"", "context":Item count: 3
Contributing types: Preferences, Sessions}
{"logTime": "0110/154345", "correlationVector":"300Cq6G8VMdTQBNCNUORg/.1","action":"SyncServerConnectionManagerRequest", "result":"SYNC_SERVER_OK", "context":{"environment":"Prod_westeurope_prod-s01-080-eur-westeurope", "migrationStage":"NotStarted", "server":"akswtt00500001g"}}
{"logTime": "0110/154345", "correlationVector":"300Cq6G8VMdTQBNCNUORg/.3","action":"Commit.Sessions", "result":"Success", "context":{"id":"2ddf393e-4aad-440a-b954-73d91fa07fb2", "isDeleted":"true", "size":"0", "version":"1736523251791"}}
{"logTime": "0110/154345", "correlationVector":"300Cq6G8VMdTQBNCNUORg/.2","action":"Commit Response", "result":"Success", "context":Result: Success. cV=300Cq6G8VMdTQBNCNUORg/.0;server=akswtt00500001g;cloudType=Consumer;environment=Prod_westeurope_prod-s01-080-eur-westeurope;migrationStage=NotStarted}
{"logTime": "0110/154434", "correlationVector":"3sRdcXtullkDjhG0qXptSP","action":"Commit Request", "result":"", "context":Item count: 5
Contributing types: Passwords, Sessions}
{"logTime": "0110/154435", "correlationVector":"3sRdcXtullkDjhG0qXptSP.1","action":"SyncServerConnectionManagerRequest", "result":"SYNC_SERVER_OK", "context":{"environment":"Prod_westeurope_prod-s01-080-eur-westeurope", "migrationStage":"NotStarted", "server":"akswtt00500001g"}}
{"logTime": "0110/154435", "correlationVector":"3sRdcXtullkDjhG0qXptSP.2","action":"Commit Response", "result":"Success", "context":Result: Success. cV=3sRdcXtullkDjhG0qXptSP.0;server=akswtt00500001g;cloudType=Consumer;environment=Prod_westeurope_prod-s01-080-eur-westeurope;migrationStage=NotStarted}
{"logTime": "0110/154502", "correlationVector":"qnwLhatsJBmJwFysrIPR/c","action":"Commit Request", "result":"", "context":Item count: 25
Contributing types: Preferences, Passwords, Sessions}
{"logTime": "0110/154503", "correlationVector":"qnwLhatsJBmJwFysrIPR/c.1","action":"SyncServerConnectionManagerRequest", "result":"SYNC_SERVER_OK", "context":{"environment":"Prod_westeurope_prod-s01-080-eur-westeurope", "migrationStage":"NotStarted", "server":"akswtt00500002x"}}
{"logTime": "0110/154503", "correlationVector":"qnwLhatsJBmJwFysrIPR/c.3","action":"Commit.Sessions", "result":"Success", "context":{"id":"aee8b6c6-de0a-4bbe-8d03-04651df8227b", "isDeleted":"true", "size":"0", "version":"1736520898237"}}
{"logTime": "0110/154503", "correlationVector":"qnwLhatsJBmJwFysrIPR/c.4","action":"Commit.Sessions", "result":"Success", "context":{"id":"92efb50b-5f3c-41d9-8420-54595558bcdd", "isDeleted":"true", "size":"0", "version":"1736520508160"}}
{"logTime": "0110/154503", "correlationVector":"qnwLhatsJBmJwFysrIPR/c.5","action":"Commit.Sessions", "result":"Success", "context":{"id":"91fdb0d1-70f4-47b8-8c90-42ecc2bf2642", "isDeleted":"true", "size":"0", "version":"1736520508161"}}
{"logTime": "0110/154503", "correlationVector":"qnwLhatsJBmJwFysrIPR/c.6","action":"Commit.Sessions", "result":"Success", "context":{"id":"c8e4d97a-b9ee-45ca-88a3-f670d63390b0", "isDeleted":"true", "size":"0", "version":"1736519333926"}}
{"logTime": "0110/154503", "correlationVector":"qnwLhatsJBmJwFysrIPR/c.7","action":"Commit.Sessions", "result":"Success", "context":{"id":"1c6d6567-2abb-4511-9479-c0948b86898e", "isDeleted":"true", "size":"0", "version":"1736520898239"}}
{"logTime": "0110/154503", "correlationVector":"qnwLhatsJBmJwFysrIPR/c.8","action":"Commit.Sessions", "result":"Success", "context":{"id":"09a84374-413a-4ba8-8590-763f1ea16e64", "isDeleted":"true", "size":"0", "version":"1736522732439"}}
{"logTime": "0110/154503", "correlationVector":"qnwLhatsJBmJwFysrIPR/c.9","action":"Commit.Sessions", "result":"Success", "context":{"id":"0f2dd724-4612-41c6-8080-c83bf410069f", "isDeleted":"true", "size":"0", "version":"1736519333928"}}
{"logTime": "0110/154503", "correlationVector":"qnwLhatsJBmJwFysrIPR/c.10","action":"Commit.Sessions", "result":"Success", "context":{"id":"64cc208a-5a2c-49fc-8fe2-e810b75c9043", "isDeleted":"true", "size":"0", "version":"1736523825115"}}
{"logTime": "0110/154503", "correlationVector":"qnwLhatsJBmJwFysrIPR/c.11","action":"Commit.Sessions", "result":"Success", "context":{"id":"719031d2-e8c5-4576-a4e9-a5cf84c77a87", "isDeleted":"true", "size":"0", "version":"1736522732440"}}
{"logTime": "0110/154503", "correlationVector":"qnwLhatsJBmJwFysrIPR/c.12","action":"Commit.Sessions", "result":"Success", "context":{"id":"14b9d11c-3412-45c0-8e10-4e235b9effa8", "isDeleted":"true", "size":"0", "version":"1736520452344"}}
{"logTime": "0110/154503", "correlationVector":"qnwLhatsJBmJwFysrIPR/c.13","action":"Commit.Sessions", "result":"Success", "context":{"id":"6e715f72-08ad-4439-9525-dc04d3718bf7", "isDeleted":"true", "size":"0", "version":"1736520898241"}}
{"logTime": "0110/154503", "correlationVector":"qnwLhatsJBmJwFysrIPR/c.14","action":"Commit.Sessions", "result":"Success", "context":{"id":"665ee85d-edbb-4741-baae-270460e58b7a", "isDeleted":"true", "size":"0", "version":"1736520452346"}}
{"logTime": "0110/154503", "correlationVector":"qnwLhatsJBmJwFysrIPR/c.15","action":"Commit.Sessions", "result":"Success", "context":{"id":"ab48f4e9-b5e3-46a7-8d01-f019f8fa8359", "isDeleted":"true", "size":"0", "version":"1736519333930"}}
{"logTime": "0110/154503", "correlationVector":"qnwLhatsJBmJwFysrIPR/c.16","action":"Commit.Sessions", "result":"Success", "context":{"id":"67393a25-30fe-4dcf-a490-a214f8f4b268", "isDeleted":"true", "size":"0", "version":"1736523251794"}}
{"logTime": "0110/154503", "correlationVector":"qnwLhatsJBmJwFysrIPR/c.17","action":"Commit.Sessions", "result":"Success", "context":{"id":"3c84c123-dff3-44ab-9000-9634293a4fe9", "isDeleted":"true", "size":"0", "version":"1736520452348"}}
{"logTime": "0110/154503", "correlationVector":"qnwLhatsJBmJwFysrIPR/c.18","action":"Commit.Sessions", "result":"Success", "context":{"id":"453fd1f9-5092-4421-ab5b-6553f021498e", "isDeleted":"true", "size":"0", "version":"1736520508164"}}
{"logTime": "0110/154503", "correlationVector":"qnwLhatsJBmJwFysrIPR/c.19","action":"Commit.Sessions", "result":"Success", "context":{"id":"894894f8-7959-470a-be35-db53bff5f6eb", "isDeleted":"true", "size":"0", "version":"1736523251795"}}
{"logTime": "0110/154503", "correlationVector":"qnwLhatsJBmJwFysrIPR/c.2","action":"Commit Response", "result":"Success", "context":Result: Success. cV=qnwLhatsJBmJwFysrIPR/c.0;server=akswtt00500002x;cloudType=Consumer;environment=Prod_westeurope_prod-s01-080-eur-westeurope;migrationStage=NotStarted}
